This file contains any messages produced by compilers while
running configure, to aid debugging if configure makes a mistake.

It was created by Communication Runtime for Extreme Scale (comex) configure 1.1, which was
generated by GNU Autoconf 2.69.  Invocation command line was

  $ ../../ga-5.6.3/comex/configure --disable-option-checking --prefix=/home/iswhy/src/nwchem-6.8/DEV_intel-18.0.0_impi-2018.0.128/src/tools/install --with-tcgmsg --with-mpi=-I/usr/local/packages/mvapich2/2.3.3/nc23zj7q/include -I/usr/local/packages/mvapich2/2.3.3/nc23zj7q/include -L/usr/local/packages/mvapich2/2.3.3/nc23zj7q/lib -lmpifort -lmpi --enable-peigs --enable-underscoring --disable-mpi-tests --without-scalapack --without-lapack --with-blas8=-mkl --with-openib=/usr/include /usr/lib64 -libverbs CC=mpicc CXX=mpicxx F77=mpif90 ARMCI_DEFAULT_SHMMAX_UBOUND=131072 --cache-file=/dev/null --srcdir=../../ga-5.6.3/comex

## --------- ##
## Platform. ##
## --------- ##

hostname = qbc1
uname -m = x86_64
uname -r = 3.10.0-1062.el7.x86_64
uname -s = Linux
uname -v = #1 SMP Thu Jul 18 20:25:13 UTC 2019

/usr/bin/uname -p = x86_64
/bin/uname -X     = unknown

/bin/arch              = x86_64
/usr/bin/arch -k       = unknown
/usr/convex/getsysinfo = unknown
/usr/bin/hostinfo      = unknown
/bin/machine           = unknown
/usr/bin/oslevel       = unknown
/bin/universe          = unknown

PATH: /usr/lib64/qt-3.3/bin
PATH: /usr/local/packages/mvapich2/2.3.3/nc23zj7q/bin
PATH: /usr/local/packages/Modules/4.5.0/bin
PATH: /usr/local/bin
PATH: /usr/bin
PATH: /usr/local/sbin
PATH: /usr/sbin
PATH: /usr/local/bin
PATH: /usr/local/compilers/Intel/parallel_studio_xe_2019.5/compilers_and_libraries/linux/bin/intel64/
PATH: /opt/ibutils/bin
PATH: /opt/dell/srvadmin/bin
PATH: /home/iswhy/.local/bin
PATH: /home/iswhy/bin


## ----------- ##
## Core tests. ##
## ----------- ##

configure:2746: checking for a BSD-compatible install
configure:2814: result: /usr/bin/install -c
configure:2825: checking whether build environment is sane
configure:2875: result: yes
configure:3016: checking for a thread-safe mkdir -p
configure:3055: result: /usr/bin/mkdir -p
configure:3068: checking for gawk
configure:3084: found /usr/bin/gawk
configure:3095: result: gawk
configure:3106: checking whether make sets $(MAKE)
configure:3128: result: yes
configure:3157: checking whether make supports nested variables
configure:3174: result: yes
configure:3250: checking whether to enable maintainer-specific portions of Makefiles
configure:3259: result: no
configure:3288: Detected VPATH build
configure:3354: 
configure:3356: C compiler
configure:3358: 
configure:3373: checking for style of include used by make
configure:3401: result: GNU
configure:3587: checking for C compiler version
configure:3596: mpicc --version >&5
icc (ICC) 19.0.5.281 20190815
Copyright (C) 1985-2019 Intel Corporation.  All rights reserved.

configure:3607: $? = 0
configure:3596: mpicc -v >&5
mpicc for MVAPICH2 version 2.3.3
icc version 19.0.5.281 (gcc version 4.8.5 compatibility)
configure:3607: $? = 0
configure:3596: mpicc -V >&5
GNU ld version 2.27-41.base.el7
Intel(R) C Intel(R) 64 Compiler for applications running on Intel(R) 64, Version 19.0.5.281 Build 20190815
Copyright (C) 1985-2019 Intel Corporation.  All rights reserved.

/usr/lib/gcc/x86_64-redhat-linux/4.8.5/../../../../lib64/crt1.o: In function `_start':
(.text+0x20): undefined reference to `main'
configure:3607: $? = 1
configure:3596: mpicc -qversion >&5
icc: command line warning #10006: ignoring unknown option '-qversion'
/usr/lib/gcc/x86_64-redhat-linux/4.8.5/../../../../lib64/crt1.o: In function `_start':
(.text+0x20): undefined reference to `main'
configure:3607: $? = 1
configure:3627: checking whether the C compiler works
configure:3649: mpicc    conftest.c  >&5
configure:3653: $? = 0
configure:3701: result: yes
configure:3704: checking for C compiler default output file name
configure:3706: result: a.out
configure:3712: checking for suffix of executables
configure:3719: mpicc -o conftest    conftest.c  >&5
configure:3723: $? = 0
configure:3745: result: 
configure:3767: checking whether we are cross compiling
configure:3775: mpicc -o conftest    conftest.c  >&5
configure:3779: $? = 0
configure:3786: ./conftest
configure:3790: $? = 0
configure:3805: result: no
configure:3810: checking for suffix of object files
configure:3832: mpicc -c   conftest.c >&5
configure:3836: $? = 0
configure:3857: result: o
configure:3861: checking whether we are using the GNU C compiler
configure:3880: mpicc -c   conftest.c >&5
configure:3880: $? = 0
configure:3889: result: yes
configure:3898: checking whether mpicc accepts -g
configure:3918: mpicc -c -g  conftest.c >&5
configure:3918: $? = 0
configure:3959: result: yes
configure:3976: checking for mpicc option to accept ISO C89
configure:4039: mpicc  -c -g -O2  conftest.c >&5
configure:4039: $? = 0
configure:4052: result: none needed
configure:4074: checking dependency style of mpicc
configure:4185: result: gcc3
configure:4207: checking how to run the C preprocessor
configure:4238: mpicc -E  conftest.c
configure:4238: $? = 0
configure:4252: mpicc -E  conftest.c
conftest.c(11): error #2379: cannot open source file "ac_nonexistent.h"
  #include <ac_nonexistent.h>
                             ^

configure:4252: $? = 2
configure: failed program was:
| /* confdefs.h */
| #define PACKAGE_NAME "Communication Runtime for Extreme Scale (comex)"
| #define PACKAGE_TARNAME "comex"
| #define PACKAGE_VERSION "1.1"
| #define PACKAGE_STRING "Communication Runtime for Extreme Scale (comex) 1.1"
| #define PACKAGE_BUGREPORT "hpctools@pnl.gov"
| #define PACKAGE_URL "http://www.emsl.pnl.gov/docs/global/"
| #define PACKAGE "comex"
| #define VERSION "1.1"
| /* end confdefs.h.  */
| #include <ac_nonexistent.h>
configure:4277: result: mpicc -E
configure:4297: mpicc -E  conftest.c
configure:4297: $? = 0
configure:4311: mpicc -E  conftest.c
conftest.c(11): error #2379: cannot open source file "ac_nonexistent.h"
  #include <ac_nonexistent.h>
                             ^

configure:4311: $? = 2
configure: failed program was:
| /* confdefs.h */
| #define PACKAGE_NAME "Communication Runtime for Extreme Scale (comex)"
| #define PACKAGE_TARNAME "comex"
| #define PACKAGE_VERSION "1.1"
| #define PACKAGE_STRING "Communication Runtime for Extreme Scale (comex) 1.1"
| #define PACKAGE_BUGREPORT "hpctools@pnl.gov"
| #define PACKAGE_URL "http://www.emsl.pnl.gov/docs/global/"
| #define PACKAGE "comex"
| #define VERSION "1.1"
| /* end confdefs.h.  */
| #include <ac_nonexistent.h>
configure:4340: checking for grep that handles long lines and -e
configure:4398: result: /usr/bin/grep
configure:4403: checking for egrep
configure:4465: result: /usr/bin/grep -E
configure:4470: checking for ANSI C header files
configure:4490: mpicc -c -g -O2  conftest.c >&5
configure:4490: $? = 0
configure:4563: mpicc -o conftest -g -O2   conftest.c  >&5
configure:4563: $? = 0
configure:4563: ./conftest
configure:4563: $? = 0
configure:4574: result: yes
configure:4587: checking for sys/types.h
configure:4587: mpicc -c -g -O2  conftest.c >&5
configure:4587: $? = 0
configure:4587: result: yes
configure:4587: checking for sys/stat.h
configure:4587: mpicc -c -g -O2  conftest.c >&5
configure:4587: $? = 0
configure:4587: result: yes
configure:4587: checking for stdlib.h
configure:4587: mpicc -c -g -O2  conftest.c >&5
configure:4587: $? = 0
configure:4587: result: yes
configure:4587: checking for string.h
configure:4587: mpicc -c -g -O2  conftest.c >&5
configure:4587: $? = 0
configure:4587: result: yes
configure:4587: checking for memory.h
configure:4587: mpicc -c -g -O2  conftest.c >&5
configure:4587: $? = 0
configure:4587: result: yes
configure:4587: checking for strings.h
configure:4587: mpicc -c -g -O2  conftest.c >&5
configure:4587: $? = 0
configure:4587: result: yes
configure:4587: checking for inttypes.h
configure:4587: mpicc -c -g -O2  conftest.c >&5
configure:4587: $? = 0
configure:4587: result: yes
configure:4587: checking for stdint.h
configure:4587: mpicc -c -g -O2  conftest.c >&5
configure:4587: $? = 0
configure:4587: result: yes
configure:4587: checking for unistd.h
configure:4587: mpicc -c -g -O2  conftest.c >&5
configure:4587: $? = 0
configure:4587: result: yes
configure:4600: checking minix/config.h usability
configure:4600: mpicc -c -g -O2  conftest.c >&5
conftest.c(54): catastrophic error: cannot open source file "minix/config.h"
  #include <minix/config.h>
                           ^

compilation aborted for conftest.c (code 4)
configure:4600: $? = 4
configure: failed program was:
| /* confdefs.h */
| #define PACKAGE_NAME "Communication Runtime for Extreme Scale (comex)"
| #define PACKAGE_TARNAME "comex"
| #define PACKAGE_VERSION "1.1"
| #define PACKAGE_STRING "Communication Runtime for Extreme Scale (comex) 1.1"
| #define PACKAGE_BUGREPORT "hpctools@pnl.gov"
| #define PACKAGE_URL "http://www.emsl.pnl.gov/docs/global/"
| #define PACKAGE "comex"
| #define VERSION "1.1"
| #define STDC_HEADERS 1
| #define HAVE_SYS_TYPES_H 1
| #define HAVE_SYS_STAT_H 1
| #define HAVE_STDLIB_H 1
| #define HAVE_STRING_H 1
| #define HAVE_MEMORY_H 1
| #define HAVE_STRINGS_H 1
| #define HAVE_INTTYPES_H 1
| #define HAVE_STDINT_H 1
| #define HAVE_UNISTD_H 1
| /* end confdefs.h.  */
| #include <stdio.h>
| #ifdef HAVE_SYS_TYPES_H
| # include <sys/types.h>
| #endif
| #ifdef HAVE_SYS_STAT_H
| # include <sys/stat.h>
| #endif
| #ifdef STDC_HEADERS
| # include <stdlib.h>
| # include <stddef.h>
| #else
| # ifdef HAVE_STDLIB_H
| #  include <stdlib.h>
| # endif
| #endif
| #ifdef HAVE_STRING_H
| # if !defined STDC_HEADERS && defined HAVE_MEMORY_H
| #  include <memory.h>
| # endif
| # include <string.h>
| #endif
| #ifdef HAVE_STRINGS_H
| # include <strings.h>
| #endif
| #ifdef HAVE_INTTYPES_H
| # include <inttypes.h>
| #endif
| #ifdef HAVE_STDINT_H
| # include <stdint.h>
| #endif
| #ifdef HAVE_UNISTD_H
| # include <unistd.h>
| #endif
| #include <minix/config.h>
configure:4600: result: no
configure:4600: checking minix/config.h presence
configure:4600: mpicc -E  conftest.c
conftest.c(21): error #2379: cannot open source file "minix/config.h"
  #include <minix/config.h>
                           ^

configure:4600: $? = 2
configure: failed program was:
| /* confdefs.h */
| #define PACKAGE_NAME "Communication Runtime for Extreme Scale (comex)"
| #define PACKAGE_TARNAME "comex"
| #define PACKAGE_VERSION "1.1"
| #define PACKAGE_STRING "Communication Runtime for Extreme Scale (comex) 1.1"
| #define PACKAGE_BUGREPORT "hpctools@pnl.gov"
| #define PACKAGE_URL "http://www.emsl.pnl.gov/docs/global/"
| #define PACKAGE "comex"
| #define VERSION "1.1"
| #define STDC_HEADERS 1
| #define HAVE_SYS_TYPES_H 1
| #define HAVE_SYS_STAT_H 1
| #define HAVE_STDLIB_H 1
| #define HAVE_STRING_H 1
| #define HAVE_MEMORY_H 1
| #define HAVE_STRINGS_H 1
| #define HAVE_INTTYPES_H 1
| #define HAVE_STDINT_H 1
| #define HAVE_UNISTD_H 1
| /* end confdefs.h.  */
| #include <minix/config.h>
configure:4600: result: no
configure:4600: checking for minix/config.h
configure:4600: result: no
configure:4621: checking whether it is safe to define __EXTENSIONS__
configure:4639: mpicc -c -g -O2  conftest.c >&5
configure:4639: $? = 0
configure:4646: result: yes
configure:4957: mpicc -o conftest -g -O2   conftest.c  >&5
configure:4957: $? = 0
configure:4957: ./conftest
configure:4957: $? = 0
configure:5311: checking whether a simple C MPI program compiles
configure:5317: mpicc -c -g -O2   -I/usr/local/packages/mvapich2/2.3.3/nc23zj7q/include -I/usr/local/packages/mvapich2/2.3.3/nc23zj7q/include conftest.c >&5
configure:5317: $? = 0
configure:5325: result: yes
configure:7466: WARNING: No COMEX_NETWORK specified, defaulting to MPI_TS
configure:9010: checking whether to enable assertions
configure:9028: result: yes
configure:9034: checking for dirent.h that defines DIR
configure:9053: mpicc -c -g -O2  conftest.c >&5
configure:9053: $? = 0
configure:9061: result: yes
configure:9074: checking for library containing opendir
configure:9105: mpicc -o conftest -g -O2   conftest.c  >&5
configure:9105: $? = 0
configure:9122: result: none required
configure:9189: checking for stdbool.h that conforms to C99
configure:9256: mpicc -c -g -O2  conftest.c >&5
configure:9256: $? = 0
configure:9263: result: yes
configure:9265: checking for _Bool
configure:9265: mpicc -c -g -O2  conftest.c >&5
configure:9265: $? = 0
configure:9265: mpicc -c -g -O2  conftest.c >&5
conftest.c(72): error: expected an expression
  if (sizeof ((_Bool)))
                     ^

compilation aborted for conftest.c (code 2)
configure:9265: $? = 2
configure: failed program was:
| /* confdefs.h */
| #define PACKAGE_NAME "Communication Runtime for Extreme Scale (comex)"
| #define PACKAGE_TARNAME "comex"
| #define PACKAGE_VERSION "1.1"
| #define PACKAGE_STRING "Communication Runtime for Extreme Scale (comex) 1.1"
| #define PACKAGE_BUGREPORT "hpctools@pnl.gov"
| #define PACKAGE_URL "http://www.emsl.pnl.gov/docs/global/"
| #define PACKAGE "comex"
| #define VERSION "1.1"
| #define STDC_HEADERS 1
| #define HAVE_SYS_TYPES_H 1
| #define HAVE_SYS_STAT_H 1
| #define HAVE_STDLIB_H 1
| #define HAVE_STRING_H 1
| #define HAVE_MEMORY_H 1
| #define HAVE_STRINGS_H 1
| #define HAVE_INTTYPES_H 1
| #define HAVE_STDINT_H 1
| #define HAVE_UNISTD_H 1
| #define __EXTENSIONS__ 1
| #define _ALL_SOURCE 1
| #define _GNU_SOURCE 1
| #define _POSIX_PTHREAD_SEMANTICS 1
| #define _TANDEM_SOURCE 1
| #define COMEX_NETWORK_MPI_TS 1
| #define COMEX_NETWORK_MPI_MT 0
| #define COMEX_NETWORK_MPI_PT 0
| #define COMEX_NETWORK_MPI_PR 0
| #define COMEX_NETWORK_MPI3 0
| #define COMEX_NETWORK_OFA 0
| #define COMEX_NETWORK_PORTALS4 0
| #define COMEX_NETWORK_DMAPP 0
| #define COMEX_NETWORK_OFI 0
| #define HAVE_DIRENT_H 1
| /* end confdefs.h.  */
| #include <stdio.h>
| #ifdef HAVE_SYS_TYPES_H
| # include <sys/types.h>
| #endif
| #ifdef HAVE_SYS_STAT_H
| # include <sys/stat.h>
| #endif
| #ifdef STDC_HEADERS
| # include <stdlib.h>
| # include <stddef.h>
| #else
| # ifdef HAVE_STDLIB_H
| #  include <stdlib.h>
| # endif
| #endif
| #ifdef HAVE_STRING_H
| # if !defined STDC_HEADERS && defined HAVE_MEMORY_H
| #  include <memory.h>
| # endif
| # include <string.h>
| #endif
| #ifdef HAVE_STRINGS_H
| # include <strings.h>
| #endif
| #ifdef HAVE_INTTYPES_H
| # include <inttypes.h>
| #endif
| #ifdef HAVE_STDINT_H
| # include <stdint.h>
| #endif
| #ifdef HAVE_UNISTD_H
| # include <unistd.h>
| #endif
| int
| main ()
| {
| if (sizeof ((_Bool)))
| 	    return 0;
|   ;
|   return 0;
| }
configure:9265: result: yes
configure:9282: checking for ANSI C header files
configure:9386: result: yes
configure:9394: checking for sys/wait.h that is POSIX.1 compatible
configure:9420: mpicc -c -g -O2  conftest.c >&5
configure:9420: $? = 0
configure:9427: result: yes
configure:9437: checking assert.h usability
configure:9437: mpicc -c -g -O2  conftest.c >&5
configure:9437: $? = 0
configure:9437: result: yes
configure:9437: checking assert.h presence
configure:9437: mpicc -E  conftest.c
configure:9437: $? = 0
configure:9437: result: yes
configure:9437: checking for assert.h
configure:9437: result: yes
configure:9456: checking errno.h usability
configure:9456: mpicc -c -g -O2  conftest.c >&5
configure:9456: $? = 0
configure:9456: result: yes
configure:9456: checking errno.h presence
configure:9456: mpicc -E  conftest.c
configure:9456: $? = 0
configure:9456: result: yes
configure:9456: checking for errno.h
configure:9456: result: yes
configure:9475: checking getopt.h usability
configure:9475: mpicc -c -g -O2  conftest.c >&5
configure:9475: $? = 0
configure:9475: result: yes
configure:9475: checking getopt.h presence
configure:9475: mpicc -E  conftest.c
configure:9475: $? = 0
configure:9475: result: yes
configure:9475: checking for getopt.h
configure:9475: result: yes
configure:9494: checking math.h usability
configure:9494: mpicc -c -g -O2  conftest.c >&5
configure:9494: $? = 0
configure:9494: result: yes
configure:9494: checking math.h presence
configure:9494: mpicc -E  conftest.c
configure:9494: $? = 0
configure:9494: result: yes
configure:9494: checking for math.h
configure:9494: result: yes
configure:9513: checking pthread.h usability
configure:9513: mpicc -c -g -O2  conftest.c >&5
configure:9513: $? = 0
configure:9513: result: yes
configure:9513: checking pthread.h presence
configure:9513: mpicc -E  conftest.c
configure:9513: $? = 0
configure:9513: result: yes
configure:9513: checking for pthread.h
configure:9513: result: yes
configure:9532: checking sched.h usability
configure:9532: mpicc -c -g -O2  conftest.c >&5
configure:9532: $? = 0
configure:9532: result: yes
configure:9532: checking sched.h presence
configure:9532: mpicc -E  conftest.c
configure:9532: $? = 0
configure:9532: result: yes
configure:9532: checking for sched.h
configure:9532: result: yes
configure:9551: checking semaphore.h usability
configure:9551: mpicc -c -g -O2  conftest.c >&5
configure:9551: $? = 0
configure:9551: result: yes
configure:9551: checking semaphore.h presence
configure:9551: mpicc -E  conftest.c
configure:9551: $? = 0
configure:9551: result: yes
configure:9551: checking for semaphore.h
configure:9551: result: yes
configure:9570: checking for stdint.h
configure:9570: result: yes
configure:9589: checking stdio.h usability
configure:9589: mpicc -c -g -O2  conftest.c >&5
configure:9589: $? = 0
configure:9589: result: yes
configure:9589: checking stdio.h presence
configure:9589: mpicc -E  conftest.c
configure:9589: $? = 0
configure:9589: result: yes
configure:9589: checking for stdio.h
configure:9589: result: yes
configure:9608: checking for stdlib.h
configure:9608: result: yes
configure:9627: checking for string.h
configure:9627: result: yes
configure:9646: checking for strings.h
configure:9646: result: yes
configure:9665: checking sys/time.h usability
configure:9665: mpicc -c -g -O2  conftest.c >&5
configure:9665: $? = 0
configure:9665: result: yes
configure:9665: checking sys/time.h presence
configure:9665: mpicc -E  conftest.c
configure:9665: $? = 0
configure:9665: result: yes
configure:9665: checking for sys/time.h
configure:9665: result: yes
configure:9684: checking for sys/types.h
configure:9684: result: yes
configure:9703: checking for unistd.h
configure:9703: result: yes
configure:9722: checking for an ANSI C-conforming const
configure:9788: mpicc -c -g -O2  conftest.c >&5
configure:9788: $? = 0
configure:9795: result: yes
configure:9803: checking for inline
configure:9819: mpicc -c -g -O2  conftest.c >&5
configure:9819: $? = 0
configure:9827: result: inline
configure:9845: checking for C/C++ restrict keyword
configure:9870: mpicc -c -g -O2  conftest.c >&5
configure:9870: $? = 0
configure:9878: result: __restrict
configure:9891: checking for working volatile
configure:9910: mpicc -c -g -O2  conftest.c >&5
configure:9910: $? = 0
configure:9917: result: yes
configure:9925: checking for int8_t
configure:9925: mpicc -c -g -O2  conftest.c >&5
configure:9925: $? = 0
configure:9925: mpicc -c -g -O2  conftest.c >&5
conftest.c(93): error: the size of an array must be greater than zero
  static int test_array [1 - 2 * !((int8_t) (((((int8_t) 1 << N) << N) - 1) * 2 + 1)
                         ^

compilation aborted for conftest.c (code 2)
configure:9925: $? = 2
configure: failed program was:
| /* confdefs.h */
| #define PACKAGE_NAME "Communication Runtime for Extreme Scale (comex)"
| #define PACKAGE_TARNAME "comex"
| #define PACKAGE_VERSION "1.1"
| #define PACKAGE_STRING "Communication Runtime for Extreme Scale (comex) 1.1"
| #define PACKAGE_BUGREPORT "hpctools@pnl.gov"
| #define PACKAGE_URL "http://www.emsl.pnl.gov/docs/global/"
| #define PACKAGE "comex"
| #define VERSION "1.1"
| #define STDC_HEADERS 1
| #define HAVE_SYS_TYPES_H 1
| #define HAVE_SYS_STAT_H 1
| #define HAVE_STDLIB_H 1
| #define HAVE_STRING_H 1
| #define HAVE_MEMORY_H 1
| #define HAVE_STRINGS_H 1
| #define HAVE_INTTYPES_H 1
| #define HAVE_STDINT_H 1
| #define HAVE_UNISTD_H 1
| #define __EXTENSIONS__ 1
| #define _ALL_SOURCE 1
| #define _GNU_SOURCE 1
| #define _POSIX_PTHREAD_SEMANTICS 1
| #define _TANDEM_SOURCE 1
| #define COMEX_NETWORK_MPI_TS 1
| #define COMEX_NETWORK_MPI_MT 0
| #define COMEX_NETWORK_MPI_PT 0
| #define COMEX_NETWORK_MPI_PR 0
| #define COMEX_NETWORK_MPI3 0
| #define COMEX_NETWORK_OFA 0
| #define COMEX_NETWORK_PORTALS4 0
| #define COMEX_NETWORK_DMAPP 0
| #define COMEX_NETWORK_OFI 0
| #define HAVE_DIRENT_H 1
| #define HAVE__BOOL 1
| #define HAVE_STDBOOL_H 1
| #define STDC_HEADERS 1
| #define HAVE_SYS_WAIT_H 1
| #define HAVE_ASSERT_H 1
| #define HAVE_ERRNO_H 1
| #define HAVE_GETOPT_H 1
| #define HAVE_MATH_H 1
| #define HAVE_PTHREAD_H 1
| #define HAVE_SCHED_H 1
| #define HAVE_SEMAPHORE_H 1
| #define HAVE_STDINT_H 1
| #define HAVE_STDIO_H 1
| #define HAVE_STDLIB_H 1
| #define HAVE_STRING_H 1
| #define HAVE_STRINGS_H 1
| #define HAVE_SYS_TIME_H 1
| #define HAVE_SYS_TYPES_H 1
| #define HAVE_UNISTD_H 1
| #define restrict __restrict
| /* end confdefs.h.  */
| #include <stdio.h>
| #ifdef HAVE_SYS_TYPES_H
| # include <sys/types.h>
| #endif
| #ifdef HAVE_SYS_STAT_H
| # include <sys/stat.h>
| #endif
| #ifdef STDC_HEADERS
| # include <stdlib.h>
| # include <stddef.h>
| #else
| # ifdef HAVE_STDLIB_H
| #  include <stdlib.h>
| # endif
| #endif
| #ifdef HAVE_STRING_H
| # if !defined STDC_HEADERS && defined HAVE_MEMORY_H
| #  include <memory.h>
| # endif
| # include <string.h>
| #endif
| #ifdef HAVE_STRINGS_H
| # include <strings.h>
| #endif
| #ifdef HAVE_INTTYPES_H
| # include <inttypes.h>
| #endif
| #ifdef HAVE_STDINT_H
| # include <stdint.h>
| #endif
| #ifdef HAVE_UNISTD_H
| # include <unistd.h>
| #endif
| 	        enum { N = 8 / 2 - 1 };
| int
| main ()
| {
| static int test_array [1 - 2 * !((int8_t) (((((int8_t) 1 << N) << N) - 1) * 2 + 1)
| 		 < (int8_t) (((((int8_t) 1 << N) << N) - 1) * 2 + 2))];
| test_array [0] = 0;
| return test_array [0];
| 
|   ;
|   return 0;
| }
configure:9925: result: yes
configure:9936: checking for int16_t
configure:9936: mpicc -c -g -O2  conftest.c >&5
configure:9936: $? = 0
configure:9936: mpicc -c -g -O2  conftest.c >&5
conftest.c(93): error: the size of an array must be greater than zero
  static int test_array [1 - 2 * !((int16_t) (((((int16_t) 1 << N) << N) - 1) * 2 + 1)
                         ^

compilation aborted for conftest.c (code 2)
configure:9936: $? = 2
configure: failed program was:
| /* confdefs.h */
| #define PACKAGE_NAME "Communication Runtime for Extreme Scale (comex)"
| #define PACKAGE_TARNAME "comex"
| #define PACKAGE_VERSION "1.1"
| #define PACKAGE_STRING "Communication Runtime for Extreme Scale (comex) 1.1"
| #define PACKAGE_BUGREPORT "hpctools@pnl.gov"
| #define PACKAGE_URL "http://www.emsl.pnl.gov/docs/global/"
| #define PACKAGE "comex"
| #define VERSION "1.1"
| #define STDC_HEADERS 1
| #define HAVE_SYS_TYPES_H 1
| #define HAVE_SYS_STAT_H 1
| #define HAVE_STDLIB_H 1
| #define HAVE_STRING_H 1
| #define HAVE_MEMORY_H 1
| #define HAVE_STRINGS_H 1
| #define HAVE_INTTYPES_H 1
| #define HAVE_STDINT_H 1
| #define HAVE_UNISTD_H 1
| #define __EXTENSIONS__ 1
| #define _ALL_SOURCE 1
| #define _GNU_SOURCE 1
| #define _POSIX_PTHREAD_SEMANTICS 1
| #define _TANDEM_SOURCE 1
| #define COMEX_NETWORK_MPI_TS 1
| #define COMEX_NETWORK_MPI_MT 0
| #define COMEX_NETWORK_MPI_PT 0
| #define COMEX_NETWORK_MPI_PR 0
| #define COMEX_NETWORK_MPI3 0
| #define COMEX_NETWORK_OFA 0
| #define COMEX_NETWORK_PORTALS4 0
| #define COMEX_NETWORK_DMAPP 0
| #define COMEX_NETWORK_OFI 0
| #define HAVE_DIRENT_H 1
| #define HAVE__BOOL 1
| #define HAVE_STDBOOL_H 1
| #define STDC_HEADERS 1
| #define HAVE_SYS_WAIT_H 1
| #define HAVE_ASSERT_H 1
| #define HAVE_ERRNO_H 1
| #define HAVE_GETOPT_H 1
| #define HAVE_MATH_H 1
| #define HAVE_PTHREAD_H 1
| #define HAVE_SCHED_H 1
| #define HAVE_SEMAPHORE_H 1
| #define HAVE_STDINT_H 1
| #define HAVE_STDIO_H 1
| #define HAVE_STDLIB_H 1
| #define HAVE_STRING_H 1
| #define HAVE_STRINGS_H 1
| #define HAVE_SYS_TIME_H 1
| #define HAVE_SYS_TYPES_H 1
| #define HAVE_UNISTD_H 1
| #define restrict __restrict
| /* end confdefs.h.  */
| #include <stdio.h>
| #ifdef HAVE_SYS_TYPES_H
| # include <sys/types.h>
| #endif
| #ifdef HAVE_SYS_STAT_H
| # include <sys/stat.h>
| #endif
| #ifdef STDC_HEADERS
| # include <stdlib.h>
| # include <stddef.h>
| #else
| # ifdef HAVE_STDLIB_H
| #  include <stdlib.h>
| # endif
| #endif
| #ifdef HAVE_STRING_H
| # if !defined STDC_HEADERS && defined HAVE_MEMORY_H
| #  include <memory.h>
| # endif
| # include <string.h>
| #endif
| #ifdef HAVE_STRINGS_H
| # include <strings.h>
| #endif
| #ifdef HAVE_INTTYPES_H
| # include <inttypes.h>
| #endif
| #ifdef HAVE_STDINT_H
| # include <stdint.h>
| #endif
| #ifdef HAVE_UNISTD_H
| # include <unistd.h>
| #endif
| 	        enum { N = 16 / 2 - 1 };
| int
| main ()
| {
| static int test_array [1 - 2 * !((int16_t) (((((int16_t) 1 << N) << N) - 1) * 2 + 1)
| 		 < (int16_t) (((((int16_t) 1 << N) << N) - 1) * 2 + 2))];
| test_array [0] = 0;
| return test_array [0];
| 
|   ;
|   return 0;
| }
configure:9936: result: yes
configure:9947: checking for int32_t
configure:9947: mpicc -c -g -O2  conftest.c >&5
configure:9947: $? = 0
configure:9947: mpicc -c -g -O2  conftest.c >&5
conftest.c(94): warning #61: integer operation result is out of range
  		 < (int32_t) (((((int32_t) 1 << N) << N) - 1) * 2 + 2))];
  		                                                  ^

conftest.c(93): error: the size of an array must be greater than zero
  static int test_array [1 - 2 * !((int32_t) (((((int32_t) 1 << N) << N) - 1) * 2 + 1)
                         ^

compilation aborted for conftest.c (code 2)
configure:9947: $? = 2
configure: failed program was:
| /* confdefs.h */
| #define PACKAGE_NAME "Communication Runtime for Extreme Scale (comex)"
| #define PACKAGE_TARNAME "comex"
| #define PACKAGE_VERSION "1.1"
| #define PACKAGE_STRING "Communication Runtime for Extreme Scale (comex) 1.1"
| #define PACKAGE_BUGREPORT "hpctools@pnl.gov"
| #define PACKAGE_URL "http://www.emsl.pnl.gov/docs/global/"
| #define PACKAGE "comex"
| #define VERSION "1.1"
| #define STDC_HEADERS 1
| #define HAVE_SYS_TYPES_H 1
| #define HAVE_SYS_STAT_H 1
| #define HAVE_STDLIB_H 1
| #define HAVE_STRING_H 1
| #define HAVE_MEMORY_H 1
| #define HAVE_STRINGS_H 1
| #define HAVE_INTTYPES_H 1
| #define HAVE_STDINT_H 1
| #define HAVE_UNISTD_H 1
| #define __EXTENSIONS__ 1
| #define _ALL_SOURCE 1
| #define _GNU_SOURCE 1
| #define _POSIX_PTHREAD_SEMANTICS 1
| #define _TANDEM_SOURCE 1
| #define COMEX_NETWORK_MPI_TS 1
| #define COMEX_NETWORK_MPI_MT 0
| #define COMEX_NETWORK_MPI_PT 0
| #define COMEX_NETWORK_MPI_PR 0
| #define COMEX_NETWORK_MPI3 0
| #define COMEX_NETWORK_OFA 0
| #define COMEX_NETWORK_PORTALS4 0
| #define COMEX_NETWORK_DMAPP 0
| #define COMEX_NETWORK_OFI 0
| #define HAVE_DIRENT_H 1
| #define HAVE__BOOL 1
| #define HAVE_STDBOOL_H 1
| #define STDC_HEADERS 1
| #define HAVE_SYS_WAIT_H 1
| #define HAVE_ASSERT_H 1
| #define HAVE_ERRNO_H 1
| #define HAVE_GETOPT_H 1
| #define HAVE_MATH_H 1
| #define HAVE_PTHREAD_H 1
| #define HAVE_SCHED_H 1
| #define HAVE_SEMAPHORE_H 1
| #define HAVE_STDINT_H 1
| #define HAVE_STDIO_H 1
| #define HAVE_STDLIB_H 1
| #define HAVE_STRING_H 1
| #define HAVE_STRINGS_H 1
| #define HAVE_SYS_TIME_H 1
| #define HAVE_SYS_TYPES_H 1
| #define HAVE_UNISTD_H 1
| #define restrict __restrict
| /* end confdefs.h.  */
| #include <stdio.h>
| #ifdef HAVE_SYS_TYPES_H
| # include <sys/types.h>
| #endif
| #ifdef HAVE_SYS_STAT_H
| # include <sys/stat.h>
| #endif
| #ifdef STDC_HEADERS
| # include <stdlib.h>
| # include <stddef.h>
| #else
| # ifdef HAVE_STDLIB_H
| #  include <stdlib.h>
| # endif
| #endif
| #ifdef HAVE_STRING_H
| # if !defined STDC_HEADERS && defined HAVE_MEMORY_H
| #  include <memory.h>
| # endif
| # include <string.h>
| #endif
| #ifdef HAVE_STRINGS_H
| # include <strings.h>
| #endif
| #ifdef HAVE_INTTYPES_H
| # include <inttypes.h>
| #endif
| #ifdef HAVE_STDINT_H
| # include <stdint.h>
| #endif
| #ifdef HAVE_UNISTD_H
| # include <unistd.h>
| #endif
| 	        enum { N = 32 / 2 - 1 };
| int
| main ()
| {
| static int test_array [1 - 2 * !((int32_t) (((((int32_t) 1 << N) << N) - 1) * 2 + 1)
| 		 < (int32_t) (((((int32_t) 1 << N) << N) - 1) * 2 + 2))];
| test_array [0] = 0;
| return test_array [0];
| 
|   ;
|   return 0;
| }
configure:9947: result: yes
configure:9958: checking for int64_t
configure:9958: mpicc -c -g -O2  conftest.c >&5
configure:9958: $? = 0
configure:9958: mpicc -c -g -O2  conftest.c >&5
conftest.c(94): warning #61: integer operation result is out of range
  		 < (int64_t) (((((int64_t) 1 << N) << N) - 1) * 2 + 2))];
  		                                                  ^

conftest.c(93): error: the size of an array must be greater than zero
  static int test_array [1 - 2 * !((int64_t) (((((int64_t) 1 << N) << N) - 1) * 2 + 1)
                         ^

compilation aborted for conftest.c (code 2)
configure:9958: $? = 2
configure: failed program was:
| /* confdefs.h */
| #define PACKAGE_NAME "Communication Runtime for Extreme Scale (comex)"
| #define PACKAGE_TARNAME "comex"
| #define PACKAGE_VERSION "1.1"
| #define PACKAGE_STRING "Communication Runtime for Extreme Scale (comex) 1.1"
| #define PACKAGE_BUGREPORT "hpctools@pnl.gov"
| #define PACKAGE_URL "http://www.emsl.pnl.gov/docs/global/"
| #define PACKAGE "comex"
| #define VERSION "1.1"
| #define STDC_HEADERS 1
| #define HAVE_SYS_TYPES_H 1
| #define HAVE_SYS_STAT_H 1
| #define HAVE_STDLIB_H 1
| #define HAVE_STRING_H 1
| #define HAVE_MEMORY_H 1
| #define HAVE_STRINGS_H 1
| #define HAVE_INTTYPES_H 1
| #define HAVE_STDINT_H 1
| #define HAVE_UNISTD_H 1
| #define __EXTENSIONS__ 1
| #define _ALL_SOURCE 1
| #define _GNU_SOURCE 1
| #define _POSIX_PTHREAD_SEMANTICS 1
| #define _TANDEM_SOURCE 1
| #define COMEX_NETWORK_MPI_TS 1
| #define COMEX_NETWORK_MPI_MT 0
| #define COMEX_NETWORK_MPI_PT 0
| #define COMEX_NETWORK_MPI_PR 0
| #define COMEX_NETWORK_MPI3 0
| #define COMEX_NETWORK_OFA 0
| #define COMEX_NETWORK_PORTALS4 0
| #define COMEX_NETWORK_DMAPP 0
| #define COMEX_NETWORK_OFI 0
| #define HAVE_DIRENT_H 1
| #define HAVE__BOOL 1
| #define HAVE_STDBOOL_H 1
| #define STDC_HEADERS 1
| #define HAVE_SYS_WAIT_H 1
| #define HAVE_ASSERT_H 1
| #define HAVE_ERRNO_H 1
| #define HAVE_GETOPT_H 1
| #define HAVE_MATH_H 1
| #define HAVE_PTHREAD_H 1
| #define HAVE_SCHED_H 1
| #define HAVE_SEMAPHORE_H 1
| #define HAVE_STDINT_H 1
| #define HAVE_STDIO_H 1
| #define HAVE_STDLIB_H 1
| #define HAVE_STRING_H 1
| #define HAVE_STRINGS_H 1
| #define HAVE_SYS_TIME_H 1
| #define HAVE_SYS_TYPES_H 1
| #define HAVE_UNISTD_H 1
| #define restrict __restrict
| /* end confdefs.h.  */
| #include <stdio.h>
| #ifdef HAVE_SYS_TYPES_H
| # include <sys/types.h>
| #endif
| #ifdef HAVE_SYS_STAT_H
| # include <sys/stat.h>
| #endif
| #ifdef STDC_HEADERS
| # include <stdlib.h>
| # include <stddef.h>
| #else
| # ifdef HAVE_STDLIB_H
| #  include <stdlib.h>
| # endif
| #endif
| #ifdef HAVE_STRING_H
| # if !defined STDC_HEADERS && defined HAVE_MEMORY_H
| #  include <memory.h>
| # endif
| # include <string.h>
| #endif
| #ifdef HAVE_STRINGS_H
| # include <strings.h>
| #endif
| #ifdef HAVE_INTTYPES_H
| # include <inttypes.h>
| #endif
| #ifdef HAVE_STDINT_H
| # include <stdint.h>
| #endif
| #ifdef HAVE_UNISTD_H
| # include <unistd.h>
| #endif
| 	        enum { N = 64 / 2 - 1 };
| int
| main ()
| {
| static int test_array [1 - 2 * !((int64_t) (((((int64_t) 1 << N) << N) - 1) * 2 + 1)
| 		 < (int64_t) (((((int64_t) 1 << N) << N) - 1) * 2 + 2))];
| test_array [0] = 0;
| return test_array [0];
| 
|   ;
|   return 0;
| }
configure:9958: result: yes
configure:9969: checking for off_t
configure:9969: mpicc -c -g -O2  conftest.c >&5
configure:9969: $? = 0
configure:9969: mpicc -c -g -O2  conftest.c >&5
conftest.c(92): error: expected an expression
  if (sizeof ((off_t)))
                     ^

compilation aborted for conftest.c (code 2)
configure:9969: $? = 2
configure: failed program was:
| /* confdefs.h */
| #define PACKAGE_NAME "Communication Runtime for Extreme Scale (comex)"
| #define PACKAGE_TARNAME "comex"
| #define PACKAGE_VERSION "1.1"
| #define PACKAGE_STRING "Communication Runtime for Extreme Scale (comex) 1.1"
| #define PACKAGE_BUGREPORT "hpctools@pnl.gov"
| #define PACKAGE_URL "http://www.emsl.pnl.gov/docs/global/"
| #define PACKAGE "comex"
| #define VERSION "1.1"
| #define STDC_HEADERS 1
| #define HAVE_SYS_TYPES_H 1
| #define HAVE_SYS_STAT_H 1
| #define HAVE_STDLIB_H 1
| #define HAVE_STRING_H 1
| #define HAVE_MEMORY_H 1
| #define HAVE_STRINGS_H 1
| #define HAVE_INTTYPES_H 1
| #define HAVE_STDINT_H 1
| #define HAVE_UNISTD_H 1
| #define __EXTENSIONS__ 1
| #define _ALL_SOURCE 1
| #define _GNU_SOURCE 1
| #define _POSIX_PTHREAD_SEMANTICS 1
| #define _TANDEM_SOURCE 1
| #define COMEX_NETWORK_MPI_TS 1
| #define COMEX_NETWORK_MPI_MT 0
| #define COMEX_NETWORK_MPI_PT 0
| #define COMEX_NETWORK_MPI_PR 0
| #define COMEX_NETWORK_MPI3 0
| #define COMEX_NETWORK_OFA 0
| #define COMEX_NETWORK_PORTALS4 0
| #define COMEX_NETWORK_DMAPP 0
| #define COMEX_NETWORK_OFI 0
| #define HAVE_DIRENT_H 1
| #define HAVE__BOOL 1
| #define HAVE_STDBOOL_H 1
| #define STDC_HEADERS 1
| #define HAVE_SYS_WAIT_H 1
| #define HAVE_ASSERT_H 1
| #define HAVE_ERRNO_H 1
| #define HAVE_GETOPT_H 1
| #define HAVE_MATH_H 1
| #define HAVE_PTHREAD_H 1
| #define HAVE_SCHED_H 1
| #define HAVE_SEMAPHORE_H 1
| #define HAVE_STDINT_H 1
| #define HAVE_STDIO_H 1
| #define HAVE_STDLIB_H 1
| #define HAVE_STRING_H 1
| #define HAVE_STRINGS_H 1
| #define HAVE_SYS_TIME_H 1
| #define HAVE_SYS_TYPES_H 1
| #define HAVE_UNISTD_H 1
| #define restrict __restrict
| /* end confdefs.h.  */
| #include <stdio.h>
| #ifdef HAVE_SYS_TYPES_H
| # include <sys/types.h>
| #endif
| #ifdef HAVE_SYS_STAT_H
| # include <sys/stat.h>
| #endif
| #ifdef STDC_HEADERS
| # include <stdlib.h>
| # include <stddef.h>
| #else
| # ifdef HAVE_STDLIB_H
| #  include <stdlib.h>
| # endif
| #endif
| #ifdef HAVE_STRING_H
| # if !defined STDC_HEADERS && defined HAVE_MEMORY_H
| #  include <memory.h>
| # endif
| # include <string.h>
| #endif
| #ifdef HAVE_STRINGS_H
| # include <strings.h>
| #endif
| #ifdef HAVE_INTTYPES_H
| # include <inttypes.h>
| #endif
| #ifdef HAVE_STDINT_H
| # include <stdint.h>
| #endif
| #ifdef HAVE_UNISTD_H
| # include <unistd.h>
| #endif
| int
| main ()
| {
| if (sizeof ((off_t)))
| 	    return 0;
|   ;
|   return 0;
| }
configure:9969: result: yes
configure:9980: checking for pid_t
configure:9980: mpicc -c -g -O2  conftest.c >&5
configure:9980: $? = 0
configure:9980: mpicc -c -g -O2  conftest.c >&5
conftest.c(92): error: expected an expression
  if (sizeof ((pid_t)))
                     ^

compilation aborted for conftest.c (code 2)
configure:9980: $? = 2
configure: failed program was:
| /* confdefs.h */
| #define PACKAGE_NAME "Communication Runtime for Extreme Scale (comex)"
| #define PACKAGE_TARNAME "comex"
| #define PACKAGE_VERSION "1.1"
| #define PACKAGE_STRING "Communication Runtime for Extreme Scale (comex) 1.1"
| #define PACKAGE_BUGREPORT "hpctools@pnl.gov"
| #define PACKAGE_URL "http://www.emsl.pnl.gov/docs/global/"
| #define PACKAGE "comex"
| #define VERSION "1.1"
| #define STDC_HEADERS 1
| #define HAVE_SYS_TYPES_H 1
| #define HAVE_SYS_STAT_H 1
| #define HAVE_STDLIB_H 1
| #define HAVE_STRING_H 1
| #define HAVE_MEMORY_H 1
| #define HAVE_STRINGS_H 1
| #define HAVE_INTTYPES_H 1
| #define HAVE_STDINT_H 1
| #define HAVE_UNISTD_H 1
| #define __EXTENSIONS__ 1
| #define _ALL_SOURCE 1
| #define _GNU_SOURCE 1
| #define _POSIX_PTHREAD_SEMANTICS 1
| #define _TANDEM_SOURCE 1
| #define COMEX_NETWORK_MPI_TS 1
| #define COMEX_NETWORK_MPI_MT 0
| #define COMEX_NETWORK_MPI_PT 0
| #define COMEX_NETWORK_MPI_PR 0
| #define COMEX_NETWORK_MPI3 0
| #define COMEX_NETWORK_OFA 0
| #define COMEX_NETWORK_PORTALS4 0
| #define COMEX_NETWORK_DMAPP 0
| #define COMEX_NETWORK_OFI 0
| #define HAVE_DIRENT_H 1
| #define HAVE__BOOL 1
| #define HAVE_STDBOOL_H 1
| #define STDC_HEADERS 1
| #define HAVE_SYS_WAIT_H 1
| #define HAVE_ASSERT_H 1
| #define HAVE_ERRNO_H 1
| #define HAVE_GETOPT_H 1
| #define HAVE_MATH_H 1
| #define HAVE_PTHREAD_H 1
| #define HAVE_SCHED_H 1
| #define HAVE_SEMAPHORE_H 1
| #define HAVE_STDINT_H 1
| #define HAVE_STDIO_H 1
| #define HAVE_STDLIB_H 1
| #define HAVE_STRING_H 1
| #define HAVE_STRINGS_H 1
| #define HAVE_SYS_TIME_H 1
| #define HAVE_SYS_TYPES_H 1
| #define HAVE_UNISTD_H 1
| #define restrict __restrict
| /* end confdefs.h.  */
| #include <stdio.h>
| #ifdef HAVE_SYS_TYPES_H
| # include <sys/types.h>
| #endif
| #ifdef HAVE_SYS_STAT_H
| # include <sys/stat.h>
| #endif
| #ifdef STDC_HEADERS
| # include <stdlib.h>
| # include <stddef.h>
| #else
| # ifdef HAVE_STDLIB_H
| #  include <stdlib.h>
| # endif
| #endif
| #ifdef HAVE_STRING_H
| # if !defined STDC_HEADERS && defined HAVE_MEMORY_H
| #  include <memory.h>
| # endif
| # include <string.h>
| #endif
| #ifdef HAVE_STRINGS_H
| # include <strings.h>
| #endif
| #ifdef HAVE_INTTYPES_H
| # include <inttypes.h>
| #endif
| #ifdef HAVE_STDINT_H
| # include <stdint.h>
| #endif
| #ifdef HAVE_UNISTD_H
| # include <unistd.h>
| #endif
| int
| main ()
| {
| if (sizeof ((pid_t)))
| 	    return 0;
|   ;
|   return 0;
| }
configure:9980: result: yes
configure:9991: checking for size_t
configure:9991: mpicc -c -g -O2  conftest.c >&5
configure:9991: $? = 0
configure:9991: mpicc -c -g -O2  conftest.c >&5
conftest.c(92): error: expected an expression
  if (sizeof ((size_t)))
                      ^

compilation aborted for conftest.c (code 2)
configure:9991: $? = 2
configure: failed program was:
| /* confdefs.h */
| #define PACKAGE_NAME "Communication Runtime for Extreme Scale (comex)"
| #define PACKAGE_TARNAME "comex"
| #define PACKAGE_VERSION "1.1"
| #define PACKAGE_STRING "Communication Runtime for Extreme Scale (comex) 1.1"
| #define PACKAGE_BUGREPORT "hpctools@pnl.gov"
| #define PACKAGE_URL "http://www.emsl.pnl.gov/docs/global/"
| #define PACKAGE "comex"
| #define VERSION "1.1"
| #define STDC_HEADERS 1
| #define HAVE_SYS_TYPES_H 1
| #define HAVE_SYS_STAT_H 1
| #define HAVE_STDLIB_H 1
| #define HAVE_STRING_H 1
| #define HAVE_MEMORY_H 1
| #define HAVE_STRINGS_H 1
| #define HAVE_INTTYPES_H 1
| #define HAVE_STDINT_H 1
| #define HAVE_UNISTD_H 1
| #define __EXTENSIONS__ 1
| #define _ALL_SOURCE 1
| #define _GNU_SOURCE 1
| #define _POSIX_PTHREAD_SEMANTICS 1
| #define _TANDEM_SOURCE 1
| #define COMEX_NETWORK_MPI_TS 1
| #define COMEX_NETWORK_MPI_MT 0
| #define COMEX_NETWORK_MPI_PT 0
| #define COMEX_NETWORK_MPI_PR 0
| #define COMEX_NETWORK_MPI3 0
| #define COMEX_NETWORK_OFA 0
| #define COMEX_NETWORK_PORTALS4 0
| #define COMEX_NETWORK_DMAPP 0
| #define COMEX_NETWORK_OFI 0
| #define HAVE_DIRENT_H 1
| #define HAVE__BOOL 1
| #define HAVE_STDBOOL_H 1
| #define STDC_HEADERS 1
| #define HAVE_SYS_WAIT_H 1
| #define HAVE_ASSERT_H 1
| #define HAVE_ERRNO_H 1
| #define HAVE_GETOPT_H 1
| #define HAVE_MATH_H 1
| #define HAVE_PTHREAD_H 1
| #define HAVE_SCHED_H 1
| #define HAVE_SEMAPHORE_H 1
| #define HAVE_STDINT_H 1
| #define HAVE_STDIO_H 1
| #define HAVE_STDLIB_H 1
| #define HAVE_STRING_H 1
| #define HAVE_STRINGS_H 1
| #define HAVE_SYS_TIME_H 1
| #define HAVE_SYS_TYPES_H 1
| #define HAVE_UNISTD_H 1
| #define restrict __restrict
| /* end confdefs.h.  */
| #include <stdio.h>
| #ifdef HAVE_SYS_TYPES_H
| # include <sys/types.h>
| #endif
| #ifdef HAVE_SYS_STAT_H
| # include <sys/stat.h>
| #endif
| #ifdef STDC_HEADERS
| # include <stdlib.h>
| # include <stddef.h>
| #else
| # ifdef HAVE_STDLIB_H
| #  include <stdlib.h>
| # endif
| #endif
| #ifdef HAVE_STRING_H
| # if !defined STDC_HEADERS && defined HAVE_MEMORY_H
| #  include <memory.h>
| # endif
| # include <string.h>
| #endif
| #ifdef HAVE_STRINGS_H
| # include <strings.h>
| #endif
| #ifdef HAVE_INTTYPES_H
| # include <inttypes.h>
| #endif
| #ifdef HAVE_STDINT_H
| # include <stdint.h>
| #endif
| #ifdef HAVE_UNISTD_H
| # include <unistd.h>
| #endif
| int
| main ()
| {
| if (sizeof ((size_t)))
| 	    return 0;
|   ;
|   return 0;
| }
configure:9991: result: yes
configure:10002: checking for uint8_t
configure:10002: mpicc -c -g -O2  conftest.c >&5
configure:10002: $? = 0
configure:10002: result: yes
configure:10016: checking for uint16_t
configure:10016: mpicc -c -g -O2  conftest.c >&5
configure:10016: $? = 0
configure:10016: result: yes
configure:10028: checking for uint32_t
configure:10028: mpicc -c -g -O2  conftest.c >&5
configure:10028: $? = 0
configure:10028: result: yes
configure:10042: checking for uint64_t
configure:10042: mpicc -c -g -O2  conftest.c >&5
configure:10042: $? = 0
configure:10042: result: yes
configure:10056: checking for ptrdiff_t
configure:10056: mpicc -c -g -O2  conftest.c >&5
configure:10056: $? = 0
configure:10056: mpicc -c -g -O2  conftest.c >&5
conftest.c(92): error: expected an expression
  if (sizeof ((ptrdiff_t)))
                         ^

compilation aborted for conftest.c (code 2)
configure:10056: $? = 2
configure: failed program was:
| /* confdefs.h */
| #define PACKAGE_NAME "Communication Runtime for Extreme Scale (comex)"
| #define PACKAGE_TARNAME "comex"
| #define PACKAGE_VERSION "1.1"
| #define PACKAGE_STRING "Communication Runtime for Extreme Scale (comex) 1.1"
| #define PACKAGE_BUGREPORT "hpctools@pnl.gov"
| #define PACKAGE_URL "http://www.emsl.pnl.gov/docs/global/"
| #define PACKAGE "comex"
| #define VERSION "1.1"
| #define STDC_HEADERS 1
| #define HAVE_SYS_TYPES_H 1
| #define HAVE_SYS_STAT_H 1
| #define HAVE_STDLIB_H 1
| #define HAVE_STRING_H 1
| #define HAVE_MEMORY_H 1
| #define HAVE_STRINGS_H 1
| #define HAVE_INTTYPES_H 1
| #define HAVE_STDINT_H 1
| #define HAVE_UNISTD_H 1
| #define __EXTENSIONS__ 1
| #define _ALL_SOURCE 1
| #define _GNU_SOURCE 1
| #define _POSIX_PTHREAD_SEMANTICS 1
| #define _TANDEM_SOURCE 1
| #define COMEX_NETWORK_MPI_TS 1
| #define COMEX_NETWORK_MPI_MT 0
| #define COMEX_NETWORK_MPI_PT 0
| #define COMEX_NETWORK_MPI_PR 0
| #define COMEX_NETWORK_MPI3 0
| #define COMEX_NETWORK_OFA 0
| #define COMEX_NETWORK_PORTALS4 0
| #define COMEX_NETWORK_DMAPP 0
| #define COMEX_NETWORK_OFI 0
| #define HAVE_DIRENT_H 1
| #define HAVE__BOOL 1
| #define HAVE_STDBOOL_H 1
| #define STDC_HEADERS 1
| #define HAVE_SYS_WAIT_H 1
| #define HAVE_ASSERT_H 1
| #define HAVE_ERRNO_H 1
| #define HAVE_GETOPT_H 1
| #define HAVE_MATH_H 1
| #define HAVE_PTHREAD_H 1
| #define HAVE_SCHED_H 1
| #define HAVE_SEMAPHORE_H 1
| #define HAVE_STDINT_H 1
| #define HAVE_STDIO_H 1
| #define HAVE_STDLIB_H 1
| #define HAVE_STRING_H 1
| #define HAVE_STRINGS_H 1
| #define HAVE_SYS_TIME_H 1
| #define HAVE_SYS_TYPES_H 1
| #define HAVE_UNISTD_H 1
| #define restrict __restrict
| /* end confdefs.h.  */
| #include <stdio.h>
| #ifdef HAVE_SYS_TYPES_H
| # include <sys/types.h>
| #endif
| #ifdef HAVE_SYS_STAT_H
| # include <sys/stat.h>
| #endif
| #ifdef STDC_HEADERS
| # include <stdlib.h>
| # include <stddef.h>
| #else
| # ifdef HAVE_STDLIB_H
| #  include <stdlib.h>
| # endif
| #endif
| #ifdef HAVE_STRING_H
| # if !defined STDC_HEADERS && defined HAVE_MEMORY_H
| #  include <memory.h>
| # endif
| # include <string.h>
| #endif
| #ifdef HAVE_STRINGS_H
| # include <strings.h>
| #endif
| #ifdef HAVE_INTTYPES_H
| # include <inttypes.h>
| #endif
| #ifdef HAVE_STDINT_H
| # include <stdint.h>
| #endif
| #ifdef HAVE_UNISTD_H
| # include <unistd.h>
| #endif
| int
| main ()
| {
| if (sizeof ((ptrdiff_t)))
| 	    return 0;
|   ;
|   return 0;
| }
configure:10056: result: yes
configure:10066: checking for preprocessor symbol for function name
configure:10083: mpicc -c -g -O2  conftest.c >&5
configure:10083: $? = 0
configure:10109: result: __func__
configure:10133: checking whether mpicc supports #pragma weak
configure:10156: mpicc -o conftest -g -O2   conftest.c  >&5
configure:10156: $? = 0
configure:10165: result: yes
configure:10209: checking size of MPI_Aint
configure:10214: mpicc -o conftest -g -O2   -I/usr/local/packages/mvapich2/2.3.3/nc23zj7q/include -I/usr/local/packages/mvapich2/2.3.3/nc23zj7q/include   -L/usr/local/packages/mvapich2/2.3.3/nc23zj7q/lib conftest.c   -lmpifort -lmpi >&5
configure:10214: $? = 0
configure:10214: ./conftest
configure:10214: $? = 0
configure:10229: result: 8
configure:10246: checking size of void*
configure:10251: mpicc -o conftest -g -O2   conftest.c  >&5
configure:10251: $? = 0
configure:10251: ./conftest
configure:10251: $? = 0
configure:10265: result: 8
configure:10279: checking size of char
configure:10284: mpicc -o conftest -g -O2   conftest.c  >&5
configure:10284: $? = 0
configure:10284: ./conftest
configure:10284: $? = 0
configure:10298: result: 1
configure:10312: checking size of short
configure:10317: mpicc -o conftest -g -O2   conftest.c  >&5
configure:10317: $? = 0
configure:10317: ./conftest
configure:10317: $? = 0
configure:10331: result: 2
configure:10345: checking size of int
configure:10350: mpicc -o conftest -g -O2   conftest.c  >&5
configure:10350: $? = 0
configure:10350: ./conftest
configure:10350: $? = 0
configure:10364: result: 4
configure:10378: checking size of long
configure:10383: mpicc -o conftest -g -O2   conftest.c  >&5
configure:10383: $? = 0
configure:10383: ./conftest
configure:10383: $? = 0
configure:10397: result: 8
configure:10411: checking size of long long
configure:10416: mpicc -o conftest -g -O2   conftest.c  >&5
configure:10416: $? = 0
configure:10416: ./conftest
configure:10416: $? = 0
configure:10430: result: 8
configure:10444: checking size of float
configure:10449: mpicc -o conftest -g -O2   conftest.c  >&5
configure:10449: $? = 0
configure:10449: ./conftest
configure:10449: $? = 0
configure:10463: result: 4
configure:10477: checking size of double
configure:10482: mpicc -o conftest -g -O2   conftest.c  >&5
configure:10482: $? = 0
configure:10482: ./conftest
configure:10482: $? = 0
configure:10496: result: 8
configure:10514: checking for stdlib.h
configure:10514: result: yes
configure:10514: checking for unistd.h
configure:10514: result: yes
configure:10514: checking for sys/param.h
configure:10514: mpicc -c -g -O2  conftest.c >&5
configure:10514: $? = 0
configure:10514: result: yes
configure:10534: checking for getpagesize
configure:10534: mpicc -o conftest -g -O2   conftest.c  >&5
configure:10534: $? = 0
configure:10534: result: yes
configure:10543: checking for working mmap
configure:10690: mpicc -o conftest -g -O2   conftest.c  >&5
configure:10690: $? = 0
configure:10690: ./conftest
configure:10690: $? = 0
configure:10700: result: yes
configure:10711: checking for library containing sqrt
configure:10742: mpicc -o conftest -g -O2   conftest.c  >&5
configure:10742: $? = 0
configure:10759: result: none required
configure:10779: checking for library containing sem_open
configure:10810: mpicc -o conftest -g -O2   conftest.c  >&5
ld: /tmp/iccQuTWQB.o: undefined reference to symbol 'sem_open@@GLIBC_2.2.5'
//usr/lib64/libpthread.so.0: error adding symbols: DSO missing from command line
configure:10810: $? = 1
configure: failed program was:
| /* confdefs.h */
| #define PACKAGE_NAME "Communication Runtime for Extreme Scale (comex)"
| #define PACKAGE_TARNAME "comex"
| #define PACKAGE_VERSION "1.1"
| #define PACKAGE_STRING "Communication Runtime for Extreme Scale (comex) 1.1"
| #define PACKAGE_BUGREPORT "hpctools@pnl.gov"
| #define PACKAGE_URL "http://www.emsl.pnl.gov/docs/global/"
| #define PACKAGE "comex"
| #define VERSION "1.1"
| #define STDC_HEADERS 1
| #define HAVE_SYS_TYPES_H 1
| #define HAVE_SYS_STAT_H 1
| #define HAVE_STDLIB_H 1
| #define HAVE_STRING_H 1
| #define HAVE_MEMORY_H 1
| #define HAVE_STRINGS_H 1
| #define HAVE_INTTYPES_H 1
| #define HAVE_STDINT_H 1
| #define HAVE_UNISTD_H 1
| #define __EXTENSIONS__ 1
| #define _ALL_SOURCE 1
| #define _GNU_SOURCE 1
| #define _POSIX_PTHREAD_SEMANTICS 1
| #define _TANDEM_SOURCE 1
| #define COMEX_NETWORK_MPI_TS 1
| #define COMEX_NETWORK_MPI_MT 0
| #define COMEX_NETWORK_MPI_PT 0
| #define COMEX_NETWORK_MPI_PR 0
| #define COMEX_NETWORK_MPI3 0
| #define COMEX_NETWORK_OFA 0
| #define COMEX_NETWORK_PORTALS4 0
| #define COMEX_NETWORK_DMAPP 0
| #define COMEX_NETWORK_OFI 0
| #define HAVE_DIRENT_H 1
| #define HAVE__BOOL 1
| #define HAVE_STDBOOL_H 1
| #define STDC_HEADERS 1
| #define HAVE_SYS_WAIT_H 1
| #define HAVE_ASSERT_H 1
| #define HAVE_ERRNO_H 1
| #define HAVE_GETOPT_H 1
| #define HAVE_MATH_H 1
| #define HAVE_PTHREAD_H 1
| #define HAVE_SCHED_H 1
| #define HAVE_SEMAPHORE_H 1
| #define HAVE_STDINT_H 1
| #define HAVE_STDIO_H 1
| #define HAVE_STDLIB_H 1
| #define HAVE_STRING_H 1
| #define HAVE_STRINGS_H 1
| #define HAVE_SYS_TIME_H 1
| #define HAVE_SYS_TYPES_H 1
| #define HAVE_UNISTD_H 1
| #define restrict __restrict
| #define HAVE_PTRDIFF_T 1
| #define FUNCTION_NAME __func__
| #define HAVE_SYS_WEAK_ALIAS_PRAGMA 1
| #define SIZEOF_MPI_AINT 8
| #define SIZEOF_VOIDP 8
| #define SIZEOF_CHAR 1
| #define SIZEOF_SHORT 2
| #define SIZEOF_INT 4
| #define SIZEOF_LONG 8
| #define SIZEOF_LONG_LONG 8
| #define SIZEOF_FLOAT 4
| #define SIZEOF_DOUBLE 8
| #define HAVE_STDLIB_H 1
| #define HAVE_UNISTD_H 1
| #define HAVE_SYS_PARAM_H 1
| #define HAVE_GETPAGESIZE 1
| #define HAVE_MMAP 1
| #define SQRT 1
| /* end confdefs.h.  */
| 
| /* Override any GCC internal prototype to avoid an error.
|    Use char because int might match the return type of a GCC
|    builtin and then its argument prototype would still apply.  */
| #ifdef __cplusplus
| extern "C"
| #endif
| char sem_open ();
| int
| main ()
| {
| return sem_open ();
|   ;
|   return 0;
| }
configure:10810: mpicc -o conftest -g -O2   conftest.c -lpthread   >&5
configure:10810: $? = 0
configure:10827: result: -lpthread
configure:10847: checking for library containing shm_open
configure:10878: mpicc -o conftest -g -O2   conftest.c -lpthread  >&5
ld: /tmp/iccrZnbP3.o: undefined reference to symbol 'shm_open@@GLIBC_2.2.5'
//usr/lib64/librt.so.1: error adding symbols: DSO missing from command line
configure:10878: $? = 1
configure: failed program was:
| /* confdefs.h */
| #define PACKAGE_NAME "Communication Runtime for Extreme Scale (comex)"
| #define PACKAGE_TARNAME "comex"
| #define PACKAGE_VERSION "1.1"
| #define PACKAGE_STRING "Communication Runtime for Extreme Scale (comex) 1.1"
| #define PACKAGE_BUGREPORT "hpctools@pnl.gov"
| #define PACKAGE_URL "http://www.emsl.pnl.gov/docs/global/"
| #define PACKAGE "comex"
| #define VERSION "1.1"
| #define STDC_HEADERS 1
| #define HAVE_SYS_TYPES_H 1
| #define HAVE_SYS_STAT_H 1
| #define HAVE_STDLIB_H 1
| #define HAVE_STRING_H 1
| #define HAVE_MEMORY_H 1
| #define HAVE_STRINGS_H 1
| #define HAVE_INTTYPES_H 1
| #define HAVE_STDINT_H 1
| #define HAVE_UNISTD_H 1
| #define __EXTENSIONS__ 1
| #define _ALL_SOURCE 1
| #define _GNU_SOURCE 1
| #define _POSIX_PTHREAD_SEMANTICS 1
| #define _TANDEM_SOURCE 1
| #define COMEX_NETWORK_MPI_TS 1
| #define COMEX_NETWORK_MPI_MT 0
| #define COMEX_NETWORK_MPI_PT 0
| #define COMEX_NETWORK_MPI_PR 0
| #define COMEX_NETWORK_MPI3 0
| #define COMEX_NETWORK_OFA 0
| #define COMEX_NETWORK_PORTALS4 0
| #define COMEX_NETWORK_DMAPP 0
| #define COMEX_NETWORK_OFI 0
| #define HAVE_DIRENT_H 1
| #define HAVE__BOOL 1
| #define HAVE_STDBOOL_H 1
| #define STDC_HEADERS 1
| #define HAVE_SYS_WAIT_H 1
| #define HAVE_ASSERT_H 1
| #define HAVE_ERRNO_H 1
| #define HAVE_GETOPT_H 1
| #define HAVE_MATH_H 1
| #define HAVE_PTHREAD_H 1
| #define HAVE_SCHED_H 1
| #define HAVE_SEMAPHORE_H 1
| #define HAVE_STDINT_H 1
| #define HAVE_STDIO_H 1
| #define HAVE_STDLIB_H 1
| #define HAVE_STRING_H 1
| #define HAVE_STRINGS_H 1
| #define HAVE_SYS_TIME_H 1
| #define HAVE_SYS_TYPES_H 1
| #define HAVE_UNISTD_H 1
| #define restrict __restrict
| #define HAVE_PTRDIFF_T 1
| #define FUNCTION_NAME __func__
| #define HAVE_SYS_WEAK_ALIAS_PRAGMA 1
| #define SIZEOF_MPI_AINT 8
| #define SIZEOF_VOIDP 8
| #define SIZEOF_CHAR 1
| #define SIZEOF_SHORT 2
| #define SIZEOF_INT 4
| #define SIZEOF_LONG 8
| #define SIZEOF_LONG_LONG 8
| #define SIZEOF_FLOAT 4
| #define SIZEOF_DOUBLE 8
| #define HAVE_STDLIB_H 1
| #define HAVE_UNISTD_H 1
| #define HAVE_SYS_PARAM_H 1
| #define HAVE_GETPAGESIZE 1
| #define HAVE_MMAP 1
| #define SQRT 1
| #define SEM_OPEN 1
| /* end confdefs.h.  */
| 
| /* Override any GCC internal prototype to avoid an error.
|    Use char because int might match the return type of a GCC
|    builtin and then its argument prototype would still apply.  */
| #ifdef __cplusplus
| extern "C"
| #endif
| char shm_open ();
| int
| main ()
| {
| return shm_open ();
|   ;
|   return 0;
| }
configure:10878: mpicc -o conftest -g -O2   conftest.c -lrt  -lpthread  >&5
configure:10878: $? = 0
configure:10895: result: -lrt
configure:10915: checking for library containing shm_unlink
configure:10946: mpicc -o conftest -g -O2   conftest.c -lrt -lpthread  >&5
configure:10946: $? = 0
configure:10963: result: none required
configure:10983: checking for bzero
configure:10983: mpicc -o conftest -g -O2   conftest.c -lrt -lpthread  >&5
configure:10983: $? = 0
configure:10983: result: yes
configure:11001: checking for gettimeofday
configure:11001: mpicc -o conftest -g -O2   conftest.c -lrt -lpthread  >&5
configure:11001: $? = 0
configure:11001: result: yes
configure:11019: checking for memset
configure:11019: mpicc -o conftest -g -O2   conftest.c -lrt -lpthread  >&5
configure:11019: $? = 0
configure:11019: result: yes
configure:11037: checking for munmap
configure:11037: mpicc -o conftest -g -O2   conftest.c -lrt -lpthread  >&5
configure:11037: $? = 0
configure:11037: result: yes
configure:11055: checking for pthread_setaffinity_np
configure:11055: mpicc -o conftest -g -O2   conftest.c -lrt -lpthread  >&5
configure:11055: $? = 0
configure:11055: result: yes
configure:11073: checking for sched_setaffinity
configure:11073: mpicc -o conftest -g -O2   conftest.c -lrt -lpthread  >&5
configure:11073: $? = 0
configure:11073: result: yes
configure:11091: checking for strchr
configure:11091: mpicc -o conftest -g -O2   conftest.c -lrt -lpthread  >&5
configure:11091: $? = 0
configure:11091: result: yes
configure:11109: checking for strdup
configure:11109: mpicc -o conftest -g -O2   conftest.c -lrt -lpthread  >&5
configure:11109: $? = 0
configure:11109: result: yes
configure:11127: checking for strncasecmp
configure:11127: mpicc -o conftest -g -O2   conftest.c -lrt -lpthread  >&5
configure:11127: $? = 0
configure:11127: result: yes
configure:11145: checking for strstr
configure:11145: mpicc -o conftest -g -O2   conftest.c -lrt -lpthread  >&5
configure:11145: $? = 0
configure:11145: result: yes
configure:11168: checking for MPI_Ibarrier
configure:11168: mpicc -o conftest -g -O2   -I/usr/local/packages/mvapich2/2.3.3/nc23zj7q/include -I/usr/local/packages/mvapich2/2.3.3/nc23zj7q/include   -L/usr/local/packages/mvapich2/2.3.3/nc23zj7q/lib conftest.c -lrt -lpthread   -lmpifort -lmpi >&5
configure:11168: $? = 0
configure:11168: result: yes
configure:11186: checking for MPIX_Ibarrier
configure:11186: mpicc -o conftest -g -O2   -I/usr/local/packages/mvapich2/2.3.3/nc23zj7q/include -I/usr/local/packages/mvapich2/2.3.3/nc23zj7q/include   -L/usr/local/packages/mvapich2/2.3.3/nc23zj7q/lib conftest.c -lrt -lpthread   -lmpifort -lmpi >&5
/tmp/icc9C9z4H.o: In function `main':
/home/iswhy/src/nwchem-6.8/DEV_intel-18.0.0_impi-2018.0.128/src/tools/build/comex/conftest.c:122: undefined reference to `MPIX_Ibarrier'
configure:11186: $? = 1
configure: failed program was:
| /* confdefs.h */
| #define PACKAGE_NAME "Communication Runtime for Extreme Scale (comex)"
| #define PACKAGE_TARNAME "comex"
| #define PACKAGE_VERSION "1.1"
| #define PACKAGE_STRING "Communication Runtime for Extreme Scale (comex) 1.1"
| #define PACKAGE_BUGREPORT "hpctools@pnl.gov"
| #define PACKAGE_URL "http://www.emsl.pnl.gov/docs/global/"
| #define PACKAGE "comex"
| #define VERSION "1.1"
| #define STDC_HEADERS 1
| #define HAVE_SYS_TYPES_H 1
| #define HAVE_SYS_STAT_H 1
| #define HAVE_STDLIB_H 1
| #define HAVE_STRING_H 1
| #define HAVE_MEMORY_H 1
| #define HAVE_STRINGS_H 1
| #define HAVE_INTTYPES_H 1
| #define HAVE_STDINT_H 1
| #define HAVE_UNISTD_H 1
| #define __EXTENSIONS__ 1
| #define _ALL_SOURCE 1
| #define _GNU_SOURCE 1
| #define _POSIX_PTHREAD_SEMANTICS 1
| #define _TANDEM_SOURCE 1
| #define COMEX_NETWORK_MPI_TS 1
| #define COMEX_NETWORK_MPI_MT 0
| #define COMEX_NETWORK_MPI_PT 0
| #define COMEX_NETWORK_MPI_PR 0
| #define COMEX_NETWORK_MPI3 0
| #define COMEX_NETWORK_OFA 0
| #define COMEX_NETWORK_PORTALS4 0
| #define COMEX_NETWORK_DMAPP 0
| #define COMEX_NETWORK_OFI 0
| #define HAVE_DIRENT_H 1
| #define HAVE__BOOL 1
| #define HAVE_STDBOOL_H 1
| #define STDC_HEADERS 1
| #define HAVE_SYS_WAIT_H 1
| #define HAVE_ASSERT_H 1
| #define HAVE_ERRNO_H 1
| #define HAVE_GETOPT_H 1
| #define HAVE_MATH_H 1
| #define HAVE_PTHREAD_H 1
| #define HAVE_SCHED_H 1
| #define HAVE_SEMAPHORE_H 1
| #define HAVE_STDINT_H 1
| #define HAVE_STDIO_H 1
| #define HAVE_STDLIB_H 1
| #define HAVE_STRING_H 1
| #define HAVE_STRINGS_H 1
| #define HAVE_SYS_TIME_H 1
| #define HAVE_SYS_TYPES_H 1
| #define HAVE_UNISTD_H 1
| #define restrict __restrict
| #define HAVE_PTRDIFF_T 1
| #define FUNCTION_NAME __func__
| #define HAVE_SYS_WEAK_ALIAS_PRAGMA 1
| #define SIZEOF_MPI_AINT 8
| #define SIZEOF_VOIDP 8
| #define SIZEOF_CHAR 1
| #define SIZEOF_SHORT 2
| #define SIZEOF_INT 4
| #define SIZEOF_LONG 8
| #define SIZEOF_LONG_LONG 8
| #define SIZEOF_FLOAT 4
| #define SIZEOF_DOUBLE 8
| #define HAVE_STDLIB_H 1
| #define HAVE_UNISTD_H 1
| #define HAVE_SYS_PARAM_H 1
| #define HAVE_GETPAGESIZE 1
| #define HAVE_MMAP 1
| #define SQRT 1
| #define SEM_OPEN 1
| #define SHM_OPEN 1
| #define SHM_UNLINK 1
| #define HAVE_BZERO 1
| #define HAVE_GETTIMEOFDAY 1
| #define HAVE_MEMSET 1
| #define HAVE_MUNMAP 1
| #define HAVE_PTHREAD_SETAFFINITY_NP 1
| #define HAVE_SCHED_SETAFFINITY 1
| #define HAVE_STRCHR 1
| #define HAVE_STRDUP 1
| #define HAVE_STRNCASECMP 1
| #define HAVE_STRSTR 1
| #define HAVE_MPI_IBARRIER 1
| /* end confdefs.h.  */
| /* Define MPIX_Ibarrier to an innocuous variant, in case <limits.h> declares MPIX_Ibarrier.
|    For example, HP-UX 11i <limits.h> declares gettimeofday.  */
| #define MPIX_Ibarrier innocuous_MPIX_Ibarrier
| 
| /* System header to define __stub macros and hopefully few prototypes,
|     which can conflict with char MPIX_Ibarrier (); below.
|     Prefer <limits.h> to <assert.h> if __STDC__ is defined, since
|     <limits.h> exists even on freestanding compilers.  */
| 
| #ifdef __STDC__
| # include <limits.h>
| #else
| # include <assert.h>
| #endif
| 
| #undef MPIX_Ibarrier
| 
| /* Override any GCC internal prototype to avoid an error.
|    Use char because int might match the return type of a GCC
|    builtin and then its argument prototype would still apply.  */
| #ifdef __cplusplus
| extern "C"
| #endif
| char MPIX_Ibarrier ();
| /* The GNU C library defines this for functions which it implements
|     to always fail with ENOSYS.  Some functions are actually named
|     something starting with __ and the normal name is an alias.  */
| #if defined __stub_MPIX_Ibarrier || defined __stub___MPIX_Ibarrier
| choke me
| #endif
| 
| int
| main ()
| {
| return MPIX_Ibarrier ();
|   ;
|   return 0;
| }
configure:11186: result: no
configure:11238: mpicc -o conftest -g -O2   conftest.c -lrt -lpthread  >&5
configure:11238: $? = 0
configure:11238: ./conftest
configure:11238: $? = 0
configure:11372: Attempting to locate BLAS library
configure:11378: checking for BLAS with user-supplied flags
configure:11433: mpicc -o conftest -g -O2     conftest.c  -mkl -lrt -lpthread  >&5
configure:11433: $? = 0
configure:11721: result: yes
configure:17000: 
configure:17002: Checks for additional programs
configure:17004: 
configure:17007: checking for grep that handles long lines and -e
configure:17065: result: /usr/bin/grep
configure:17070: checking for a sed that does not truncate output
configure:17134: result: /usr/bin/sed
configure:17143: 
configure:17145: Libtool setup
configure:17147: 
configure:17223: checking build system type
configure:17237: result: x86_64-pc-linux-gnu
configure:17257: checking host system type
configure:17270: result: x86_64-pc-linux-gnu
configure:17311: checking how to print strings
configure:17338: result: printf
configure:17359: checking for a sed that does not truncate output
configure:17423: result: /usr/bin/sed
configure:17441: checking for fgrep
configure:17503: result: /usr/bin/grep -F
configure:17538: checking for ld used by mpicc
configure:17605: result: /usr/bin/ld
configure:17612: checking if the linker (/usr/bin/ld) is GNU ld
configure:17627: result: yes
configure:17639: checking for BSD- or MS-compatible name lister (nm)
configure:17693: result: /usr/bin/nm -B
configure:17823: checking the name lister (/usr/bin/nm -B) interface
configure:17830: mpicc -c -g -O2  conftest.c >&5
configure:17833: /usr/bin/nm -B "conftest.o"
configure:17836: output
0000000000000000 N .debug_info_seg
0000000000000000 B some_variable
configure:17843: result: BSD nm
configure:17846: checking whether ln -s works
configure:17850: result: yes
configure:17858: checking the maximum length of command line arguments
configure:17989: result: 3458764513820540925
configure:18037: checking how to convert x86_64-pc-linux-gnu file names to x86_64-pc-linux-gnu format
configure:18077: result: func_convert_file_noop
configure:18084: checking how to convert x86_64-pc-linux-gnu file names to toolchain format
configure:18104: result: func_convert_file_noop
configure:18111: checking for /usr/bin/ld option to reload object files
configure:18118: result: -r
configure:18192: checking for objdump
configure:18208: found /usr/bin/objdump
configure:18219: result: objdump
configure:18251: checking how to recognize dependent libraries
configure:18451: result: pass_all
configure:18536: checking for dlltool
configure:18566: result: no
configure:18596: checking how to associate runtime and link libraries
configure:18623: result: printf %s\n
configure:18683: checking for ar
configure:18699: found /usr/bin/ar
configure:18710: result: ar
configure:18747: checking for archiver @FILE support
configure:18764: mpicc -c -g -O2  conftest.c >&5
configure:18764: $? = 0
configure:18767: ar cru libconftest.a @conftest.lst >&5
configure:18770: $? = 0
configure:18775: ar cru libconftest.a @conftest.lst >&5
ar: conftest.o: No such file or directory
configure:18778: $? = 1
configure:18790: result: @
configure:18848: checking for strip
configure:18864: found /usr/bin/strip
configure:18875: result: strip
configure:18947: checking for ranlib
configure:18963: found /usr/bin/ranlib
configure:18974: result: ranlib
configure:19076: checking command to parse /usr/bin/nm -B output from mpicc object
configure:19229: mpicc -c -g -O2  conftest.c >&5
configure:19232: $? = 0
configure:19236: /usr/bin/nm -B conftest.o \| sed -n -e 's/^.*[ ]\([ABCDGIRSTW][ABCDGIRSTW]*\)[ ][ ]*\([_A-Za-z][_A-Za-z0-9]*\)$/\1 \2 \2/p' | sed '/ __gnu_lto/d' \> conftest.nm
configure:19239: $? = 0
configure:19305: mpicc -o conftest -g -O2   conftest.c conftstm.o >&5
configure:19308: $? = 0
configure:19346: result: ok
configure:19393: checking for sysroot
configure:19423: result: no
configure:19430: checking for a working dd
configure:19468: result: /usr/bin/dd
configure:19472: checking how to truncate binary pipes
configure:19487: result: /usr/bin/dd bs=4096 count=1
configure:19623: mpicc -c -g -O2  conftest.c >&5
configure:19626: $? = 0
configure:19816: checking for mt
configure:19846: result: no
configure:19866: checking if : is a manifest tool
configure:19872: : '-?'
configure:19880: result: no
configure:20554: checking for dlfcn.h
configure:20554: mpicc -c -g -O2  conftest.c >&5
configure:20554: $? = 0
configure:20554: result: yes
configure:20809: checking for objdir
configure:20824: result: .libs
configure:21088: checking if mpicc supports -fno-rtti -fno-exceptions
configure:21106: mpicc -c -g -O2  -fno-rtti -fno-exceptions conftest.c >&5
configure:21110: $? = 0
configure:21123: result: yes
configure:21481: checking for mpicc option to produce PIC
configure:21488: result: -fPIC -DPIC
configure:21496: checking if mpicc PIC flag -fPIC -DPIC works
configure:21514: mpicc -c -g -O2  -fPIC -DPIC -DPIC conftest.c >&5
configure:21518: $? = 0
configure:21531: result: yes
configure:21560: checking if mpicc static flag -static works
configure:21588: result: no
configure:21603: checking if mpicc supports -c -o file.o
configure:21624: mpicc -c -g -O2  -o out/conftest2.o conftest.c >&5
configure:21628: $? = 0
configure:21650: result: yes
configure:21658: checking if mpicc supports -c -o file.o
configure:21705: result: yes
configure:21738: checking whether the mpicc linker (/usr/bin/ld -m elf_x86_64) supports shared libraries
configure:22997: result: yes
configure:23237: checking dynamic linker characteristics
configure:23818: mpicc -o conftest -g -O2   -Wl,-rpath -Wl,/foo conftest.c -lrt -lpthread  >&5
configure:23818: $? = 0
configure:24055: result: GNU/Linux ld.so
configure:24177: checking how to hardcode library paths into programs
configure:24202: result: immediate
configure:24750: checking whether stripping libraries is possible
configure:24755: result: yes
configure:24790: checking if libtool supports shared libraries
configure:24792: result: yes
configure:24795: checking whether to build shared libraries
configure:24820: result: no
configure:24823: checking whether to build static libraries
configure:24827: result: yes
configure:24893: checking for mpirun
configure:24926: result: no
configure:24893: checking for mpiexec
configure:24911: found /usr/bin/mpiexec
configure:24923: result: /usr/bin/mpiexec
configure:25129: creating ./config.status

## ---------------------- ##
## Running config.status. ##
## ---------------------- ##

This file was extended by Communication Runtime for Extreme Scale (comex) config.status 1.1, which was
generated by GNU Autoconf 2.69.  Invocation command line was

  CONFIG_FILES    = 
  CONFIG_HEADERS  = 
  CONFIG_LINKS    = 
  CONFIG_COMMANDS = 
  $ ./config.status 

on qbc1

config.status:1205: creating Makefile
config.status:1205: creating config.h
config.status:1419: executing depfiles commands
config.status:1419: executing libtool commands
configure:27277: 
configure:27279: **************************************************************
configure:27281:  Communication Runtime for Extreme Scale (comex) configured as follows:
configure:27283: **************************************************************
configure:27285: 
configure:27287:               MPI_LIBS= -lmpifort -lmpi
configure:27289:            MPI_LDFLAGS= -L/usr/local/packages/mvapich2/2.3.3/nc23zj7q/lib
configure:27291:           MPI_CPPFLAGS= -I/usr/local/packages/mvapich2/2.3.3/nc23zj7q/include -I/usr/local/packages/mvapich2/2.3.3/nc23zj7q/include
configure:27293:          COMEX_NETWORK=MPI_TS
configure:27295:  COMEX_NETWORK_LDFLAGS=
configure:27297:     COMEX_NETWORK_LIBS=
configure:27299: COMEX_NETWORK_CPPFLAGS=
configure:27301:                     CC=mpicc
configure:27309:                 CFLAGS=-g -O2
configure:27311:                    CPP=mpicc -E
configure:27313:               CPPFLAGS=
configure:27315:                LDFLAGS=
configure:27317:                   LIBS=-lrt -lpthread 
configure:27319:                  FLIBS=
configure:27321:                     AR=ar
configure:27323:               AR_FLAGS=cru
configure:27325:                   DEFS=-DHAVE_CONFIG_H
configure:27327:                  SHELL=/bin/sh
configure:27329:                MPIEXEC=/usr/bin/mpiexec -n %NP%
configure:27331:                 NPROCS=4
configure:27333: 

## ---------------- ##
## Cache variables. ##
## ---------------- ##

ac_cv_build=x86_64-pc-linux-gnu
ac_cv_c_compiler_gnu=yes
ac_cv_c_const=yes
ac_cv_c_inline=inline
ac_cv_c_int16_t=yes
ac_cv_c_int32_t=yes
ac_cv_c_int64_t=yes
ac_cv_c_int8_t=yes
ac_cv_c_restrict=__restrict
ac_cv_c_uint16_t=yes
ac_cv_c_uint32_t=yes
ac_cv_c_uint64_t=yes
ac_cv_c_uint8_t=yes
ac_cv_c_volatile=yes
ac_cv_env_AR_FLAGS_set=
ac_cv_env_AR_FLAGS_value=
ac_cv_env_AR_set=
ac_cv_env_AR_value=
ac_cv_env_CC_set=set
ac_cv_env_CC_value=mpicc
ac_cv_env_CFLAGS_set=
ac_cv_env_CFLAGS_value=
ac_cv_env_CPPFLAGS_set=
ac_cv_env_CPPFLAGS_value=
ac_cv_env_CPP_set=
ac_cv_env_CPP_value=
ac_cv_env_LDFLAGS_set=
ac_cv_env_LDFLAGS_value=
ac_cv_env_LIBS_set=
ac_cv_env_LIBS_value=
ac_cv_env_LT_SYS_LIBRARY_PATH_set=
ac_cv_env_LT_SYS_LIBRARY_PATH_value=
ac_cv_env_MPICC_set=
ac_cv_env_MPICC_value=
ac_cv_env_MPIEXEC_set=
ac_cv_env_MPIEXEC_value=
ac_cv_env_NPROCS_set=
ac_cv_env_NPROCS_value=
ac_cv_env_RANLIB_set=
ac_cv_env_RANLIB_value=
ac_cv_env_build_alias_set=
ac_cv_env_build_alias_value=
ac_cv_env_host_alias_set=
ac_cv_env_host_alias_value=
ac_cv_env_target_alias_set=
ac_cv_env_target_alias_value=
ac_cv_func_MPIX_Ibarrier=no
ac_cv_func_MPI_Ibarrier=yes
ac_cv_func_bzero=yes
ac_cv_func_getpagesize=yes
ac_cv_func_gettimeofday=yes
ac_cv_func_memset=yes
ac_cv_func_mmap_fixed_mapped=yes
ac_cv_func_munmap=yes
ac_cv_func_pthread_setaffinity_np=yes
ac_cv_func_sched_setaffinity=yes
ac_cv_func_strchr=yes
ac_cv_func_strdup=yes
ac_cv_func_strncasecmp=yes
ac_cv_func_strstr=yes
ac_cv_header_assert_h=yes
ac_cv_header_dirent_dirent_h=yes
ac_cv_header_dlfcn_h=yes
ac_cv_header_errno_h=yes
ac_cv_header_getopt_h=yes
ac_cv_header_inttypes_h=yes
ac_cv_header_math_h=yes
ac_cv_header_memory_h=yes
ac_cv_header_minix_config_h=no
ac_cv_header_pthread_h=yes
ac_cv_header_sched_h=yes
ac_cv_header_semaphore_h=yes
ac_cv_header_stdbool_h=yes
ac_cv_header_stdc=yes
ac_cv_header_stdint_h=yes
ac_cv_header_stdio_h=yes
ac_cv_header_stdlib_h=yes
ac_cv_header_string_h=yes
ac_cv_header_strings_h=yes
ac_cv_header_sys_param_h=yes
ac_cv_header_sys_stat_h=yes
ac_cv_header_sys_time_h=yes
ac_cv_header_sys_types_h=yes
ac_cv_header_sys_wait_h=yes
ac_cv_header_unistd_h=yes
ac_cv_host=x86_64-pc-linux-gnu
ac_cv_objext=o
ac_cv_path_EGREP='/usr/bin/grep -E'
ac_cv_path_FGREP='/usr/bin/grep -F'
ac_cv_path_GREP=/usr/bin/grep
ac_cv_path_MPIEXEC=/usr/bin/mpiexec
ac_cv_path_SED=/usr/bin/sed
ac_cv_path_install='/usr/bin/install -c'
ac_cv_path_lt_DD=/usr/bin/dd
ac_cv_path_mkdir=/usr/bin/mkdir
ac_cv_prog_AWK=gawk
ac_cv_prog_CPP='mpicc -E'
ac_cv_prog_ac_ct_AR=ar
ac_cv_prog_ac_ct_OBJDUMP=objdump
ac_cv_prog_ac_ct_RANLIB=ranlib
ac_cv_prog_ac_ct_STRIP=strip
ac_cv_prog_cc_c89=
ac_cv_prog_cc_g=yes
ac_cv_prog_make_make_set=yes
ac_cv_safe_to_define___extensions__=yes
ac_cv_search_opendir='none required'
ac_cv_search_sem_open=-lpthread
ac_cv_search_shm_open=-lrt
ac_cv_search_shm_unlink='none required'
ac_cv_search_sqrt='none required'
ac_cv_sizeof_MPI_Aint=8
ac_cv_sizeof_char=1
ac_cv_sizeof_double=8
ac_cv_sizeof_float=4
ac_cv_sizeof_int=4
ac_cv_sizeof_long=8
ac_cv_sizeof_long_long=8
ac_cv_sizeof_short=2
ac_cv_sizeof_voidp=8
ac_cv_type__Bool=yes
ac_cv_type_off_t=yes
ac_cv_type_pid_t=yes
ac_cv_type_ptrdiff_t=yes
ac_cv_type_size_t=yes
am_cv_CC_dependencies_compiler_type=gcc3
am_cv_make_support_nested_variables=yes
ax_cv_sys_weak_alias_pragma=yes
comex_cv_c_mpi_test_compile=yes
comex_cv_cpp_function=__func__
lt_cv_ar_at_file=@
lt_cv_deplibs_check_method=pass_all
lt_cv_file_magic_cmd='$MAGIC_CMD'
lt_cv_file_magic_test_file=
lt_cv_ld_reload_flag=-r
lt_cv_nm_interface='BSD nm'
lt_cv_objdir=.libs
lt_cv_path_LD=/usr/bin/ld
lt_cv_path_NM='/usr/bin/nm -B'
lt_cv_path_mainfest_tool=no
lt_cv_prog_compiler_c_o=yes
lt_cv_prog_compiler_pic='-fPIC -DPIC'
lt_cv_prog_compiler_pic_works=yes
lt_cv_prog_compiler_rtti_exceptions=yes
lt_cv_prog_compiler_static_works=no
lt_cv_prog_gnu_ld=yes
lt_cv_sharedlib_from_linklib_cmd='printf %s\n'
lt_cv_shlibpath_overrides_runpath=no
lt_cv_sys_global_symbol_pipe='sed -n -e '\''s/^.*[	 ]\([ABCDGIRSTW][ABCDGIRSTW]*\)[	 ][	 ]*\([_A-Za-z][_A-Za-z0-9]*\)$/\1 \2 \2/p'\'' | sed '\''/ __gnu_lto/d'\'''
lt_cv_sys_global_symbol_to_c_name_address='sed -n -e '\''s/^: \(.*\) .*$/  {"\1", (void *) 0},/p'\'' -e '\''s/^[ABCDGIRSTW][ABCDGIRSTW]* .* \(.*\)$/  {"\1", (void *) \&\1},/p'\'''
lt_cv_sys_global_symbol_to_c_name_address_lib_prefix='sed -n -e '\''s/^: \(.*\) .*$/  {"\1", (void *) 0},/p'\'' -e '\''s/^[ABCDGIRSTW][ABCDGIRSTW]* .* \(lib.*\)$/  {"\1", (void *) \&\1},/p'\'' -e '\''s/^[ABCDGIRSTW][ABCDGIRSTW]* .* \(.*\)$/  {"lib\1", (void *) \&\1},/p'\'''
lt_cv_sys_global_symbol_to_cdecl='sed -n -e '\''s/^T .* \(.*\)$/extern int \1();/p'\'' -e '\''s/^[ABCDGIRSTW][ABCDGIRSTW]* .* \(.*\)$/extern char \1;/p'\'''
lt_cv_sys_global_symbol_to_import=
lt_cv_sys_max_cmd_len=3458764513820540925
lt_cv_to_host_file_cmd=func_convert_file_noop
lt_cv_to_tool_file_cmd=func_convert_file_noop
lt_cv_truncate_bin='/usr/bin/dd bs=4096 count=1'

## ----------------- ##
## Output variables. ##
## ----------------- ##

ACLOCAL='${SHELL} /home/iswhy/src/nwchem-6.8/DEV_intel-18.0.0_impi-2018.0.128/src/tools/ga-5.6.3/comex/build-aux/missing --run aclocal-1.11'
AMDEPBACKSLASH='\'
AMDEP_FALSE='#'
AMDEP_TRUE=''
AMTAR='$${TAR-tar}'
AM_BACKSLASH='\'
AM_DEFAULT_V='$(AM_DEFAULT_VERBOSITY)'
AM_DEFAULT_VERBOSITY='1'
AM_V='$(V)'
AR='ar'
AR_FLAGS='cru'
AUTOCONF='${SHELL} /home/iswhy/src/nwchem-6.8/DEV_intel-18.0.0_impi-2018.0.128/src/tools/ga-5.6.3/comex/build-aux/missing --run autoconf'
AUTOHEADER='${SHELL} /home/iswhy/src/nwchem-6.8/DEV_intel-18.0.0_impi-2018.0.128/src/tools/ga-5.6.3/comex/build-aux/missing --run autoheader'
AUTOMAKE='${SHELL} /home/iswhy/src/nwchem-6.8/DEV_intel-18.0.0_impi-2018.0.128/src/tools/ga-5.6.3/comex/build-aux/missing --run automake-1.11'
AWK='gawk'
BLAS_CPPFLAGS=''
BLAS_LDFLAGS=''
BLAS_LIBS=' -mkl'
CC='mpicc'
CCDEPMODE='depmode=gcc3'
CFLAGS='-g -O2'
COMEX_NETWORK_CPPFLAGS=''
COMEX_NETWORK_DMAPP_FALSE=''
COMEX_NETWORK_DMAPP_TRUE='#'
COMEX_NETWORK_LDFLAGS=''
COMEX_NETWORK_LIBS=''
COMEX_NETWORK_MPI3_FALSE=''
COMEX_NETWORK_MPI3_TRUE='#'
COMEX_NETWORK_MPI_MT_FALSE=''
COMEX_NETWORK_MPI_MT_TRUE='#'
COMEX_NETWORK_MPI_PR_FALSE=''
COMEX_NETWORK_MPI_PR_TRUE='#'
COMEX_NETWORK_MPI_PT_FALSE=''
COMEX_NETWORK_MPI_PT_TRUE='#'
COMEX_NETWORK_MPI_TS_FALSE='#'
COMEX_NETWORK_MPI_TS_TRUE=''
COMEX_NETWORK_OFA_FALSE=''
COMEX_NETWORK_OFA_TRUE='#'
COMEX_NETWORK_OFI_FALSE=''
COMEX_NETWORK_OFI_TRUE='#'
COMEX_NETWORK_PORTALS4_FALSE=''
COMEX_NETWORK_PORTALS4_TRUE='#'
CPP='mpicc -E'
CPPFLAGS=''
CROSS_COMPILING_FALSE=''
CROSS_COMPILING_TRUE='#'
CYGPATH_W='echo'
DEFS='-DHAVE_CONFIG_H'
DEPDIR='.deps'
DLLTOOL='false'
DSYMUTIL=''
DUMPBIN=''
ECHO_C=''
ECHO_N='-n'
ECHO_T=''
EGREP='/usr/bin/grep -E'
ENABLE_PROFILING_ARMCI_FALSE=''
ENABLE_PROFILING_ARMCI_TRUE='#'
EXEEXT=''
FGREP='/usr/bin/grep -F'
GREP='/usr/bin/grep'
HAVE_BLAS_FALSE='#'
HAVE_BLAS_TRUE=''
HAVE_SYS_WEAK_ALIAS_PRAGMA_FALSE='#'
HAVE_SYS_WEAK_ALIAS_PRAGMA_TRUE=''
INSTALL_DATA='${INSTALL} -m 644'
INSTALL_PROGRAM='${INSTALL}'
INSTALL_SCRIPT='${INSTALL}'
INSTALL_STRIP_PROGRAM='$(install_sh) -c -s'
LD='/usr/bin/ld -m elf_x86_64'
LDFLAGS=''
LIBOBJS=''
LIBS='-lrt -lpthread '
LIBTOOL='$(SHELL) $(top_builddir)/libtool'
LIPO=''
LN_S='ln -s'
LTLIBOBJS=''
LT_SYS_LIBRARY_PATH=''
MAINT='#'
MAINTAINER_MODE_FALSE=''
MAINTAINER_MODE_TRUE='#'
MAKEINFO='${SHELL} /home/iswhy/src/nwchem-6.8/DEV_intel-18.0.0_impi-2018.0.128/src/tools/ga-5.6.3/comex/build-aux/missing --run makeinfo'
MANIFEST_TOOL=':'
MKDIR_P='/usr/bin/mkdir -p'
MPICC=''
MPIEXEC='/usr/bin/mpiexec -n %NP%'
MPI_CPPFLAGS=' -I/usr/local/packages/mvapich2/2.3.3/nc23zj7q/include -I/usr/local/packages/mvapich2/2.3.3/nc23zj7q/include'
MPI_LDFLAGS=' -L/usr/local/packages/mvapich2/2.3.3/nc23zj7q/lib'
MPI_LIBS=' -lmpifort -lmpi'
NM='/usr/bin/nm -B'
NMEDIT=''
NPROCS='4'
OBJDUMP='objdump'
OBJEXT='o'
OTOOL64=''
OTOOL=''
PACKAGE='comex'
PACKAGE_BUGREPORT='hpctools@pnl.gov'
PACKAGE_NAME='Communication Runtime for Extreme Scale (comex)'
PACKAGE_STRING='Communication Runtime for Extreme Scale (comex) 1.1'
PACKAGE_TARNAME='comex'
PACKAGE_URL='http://www.emsl.pnl.gov/docs/global/'
PACKAGE_VERSION='1.1'
PATH_SEPARATOR=':'
PERL=''
RANLIB='ranlib'
SED='/usr/bin/sed'
SET_MAKE=''
SHELL='/bin/sh'
STRIP='strip'
VERSION='1.1'
ac_ct_AR='ar'
ac_ct_CC=''
ac_ct_DUMPBIN=''
am__EXEEXT_FALSE=''
am__EXEEXT_TRUE='#'
am__fastdepCC_FALSE='#'
am__fastdepCC_TRUE=''
am__include='include'
am__isrc=' -I$(srcdir)'
am__leading_dot='.'
am__nodep='_no'
am__quote=''
am__tar='$${TAR-tar} chof - "$$tardir"'
am__untar='$${TAR-tar} xf -'
bindir='${exec_prefix}/bin'
build='x86_64-pc-linux-gnu'
build_alias=''
build_cpu='x86_64'
build_os='linux-gnu'
build_vendor='pc'
datadir='${datarootdir}'
datarootdir='${prefix}/share'
docdir='${datarootdir}/doc/${PACKAGE_TARNAME}'
dvidir='${docdir}'
exec_prefix='${prefix}'
host='x86_64-pc-linux-gnu'
host_alias=''
host_cpu='x86_64'
host_os='linux-gnu'
host_vendor='pc'
htmldir='${docdir}'
includedir='${prefix}/include'
infodir='${datarootdir}/info'
install_sh='${SHELL} /home/iswhy/src/nwchem-6.8/DEV_intel-18.0.0_impi-2018.0.128/src/tools/ga-5.6.3/comex/build-aux/install-sh'
libdir='${exec_prefix}/lib'
libexecdir='${exec_prefix}/libexec'
localedir='${datarootdir}/locale'
localstatedir='${prefix}/var'
mandir='${datarootdir}/man'
mkdir_p='/usr/bin/mkdir -p'
oldincludedir='/usr/include'
pdfdir='${docdir}'
prefix='/home/iswhy/src/nwchem-6.8/DEV_intel-18.0.0_impi-2018.0.128/src/tools/install'
program_transform_name='s,x,x,'
psdir='${docdir}'
sbindir='${exec_prefix}/sbin'
sharedstatedir='${prefix}/com'
sysconfdir='${prefix}/etc'
target_alias=''

## ----------- ##
## confdefs.h. ##
## ----------- ##

/* confdefs.h */
#define PACKAGE_NAME "Communication Runtime for Extreme Scale (comex)"
#define PACKAGE_TARNAME "comex"
#define PACKAGE_VERSION "1.1"
#define PACKAGE_STRING "Communication Runtime for Extreme Scale (comex) 1.1"
#define PACKAGE_BUGREPORT "hpctools@pnl.gov"
#define PACKAGE_URL "http://www.emsl.pnl.gov/docs/global/"
#define PACKAGE "comex"
#define VERSION "1.1"
#define STDC_HEADERS 1
#define HAVE_SYS_TYPES_H 1
#define HAVE_SYS_STAT_H 1
#define HAVE_STDLIB_H 1
#define HAVE_STRING_H 1
#define HAVE_MEMORY_H 1
#define HAVE_STRINGS_H 1
#define HAVE_INTTYPES_H 1
#define HAVE_STDINT_H 1
#define HAVE_UNISTD_H 1
#define __EXTENSIONS__ 1
#define _ALL_SOURCE 1
#define _GNU_SOURCE 1
#define _POSIX_PTHREAD_SEMANTICS 1
#define _TANDEM_SOURCE 1
#define COMEX_NETWORK_MPI_TS 1
#define COMEX_NETWORK_MPI_MT 0
#define COMEX_NETWORK_MPI_PT 0
#define COMEX_NETWORK_MPI_PR 0
#define COMEX_NETWORK_MPI3 0
#define COMEX_NETWORK_OFA 0
#define COMEX_NETWORK_PORTALS4 0
#define COMEX_NETWORK_DMAPP 0
#define COMEX_NETWORK_OFI 0
#define HAVE_DIRENT_H 1
#define HAVE__BOOL 1
#define HAVE_STDBOOL_H 1
#define STDC_HEADERS 1
#define HAVE_SYS_WAIT_H 1
#define HAVE_ASSERT_H 1
#define HAVE_ERRNO_H 1
#define HAVE_GETOPT_H 1
#define HAVE_MATH_H 1
#define HAVE_PTHREAD_H 1
#define HAVE_SCHED_H 1
#define HAVE_SEMAPHORE_H 1
#define HAVE_STDINT_H 1
#define HAVE_STDIO_H 1
#define HAVE_STDLIB_H 1
#define HAVE_STRING_H 1
#define HAVE_STRINGS_H 1
#define HAVE_SYS_TIME_H 1
#define HAVE_SYS_TYPES_H 1
#define HAVE_UNISTD_H 1
#define restrict __restrict
#define HAVE_PTRDIFF_T 1
#define FUNCTION_NAME __func__
#define HAVE_SYS_WEAK_ALIAS_PRAGMA 1
#define SIZEOF_MPI_AINT 8
#define SIZEOF_VOIDP 8
#define SIZEOF_CHAR 1
#define SIZEOF_SHORT 2
#define SIZEOF_INT 4
#define SIZEOF_LONG 8
#define SIZEOF_LONG_LONG 8
#define SIZEOF_FLOAT 4
#define SIZEOF_DOUBLE 8
#define HAVE_STDLIB_H 1
#define HAVE_UNISTD_H 1
#define HAVE_SYS_PARAM_H 1
#define HAVE_GETPAGESIZE 1
#define HAVE_MMAP 1
#define SQRT 1
#define SEM_OPEN 1
#define SHM_OPEN 1
#define SHM_UNLINK 1
#define HAVE_BZERO 1
#define HAVE_GETTIMEOFDAY 1
#define HAVE_MEMSET 1
#define HAVE_MUNMAP 1
#define HAVE_PTHREAD_SETAFFINITY_NP 1
#define HAVE_SCHED_SETAFFINITY 1
#define HAVE_STRCHR 1
#define HAVE_STRDUP 1
#define HAVE_STRNCASECMP 1
#define HAVE_STRSTR 1
#define HAVE_MPI_IBARRIER 1
#define HAVE_MPIX_IBARRIER 0
#define HAVE_BLAS 1
#define BLAS_SIZE 8
#define BLAS_CAXPY caxpy
#define BLAS_DAXPY daxpy
#define BLAS_SAXPY saxpy
#define BLAS_ZAXPY zaxpy
#define BLAS_CCOPY ccopy
#define BLAS_DCOPY dcopy
#define BLAS_SCOPY scopy
#define BLAS_ZCOPY zcopy
#define HAVE_DLFCN_H 1
#define LT_OBJDIR ".libs/"

configure: exit 0
